13:44:11 INFO  [o.s.c.s.GenericApplicationContext] Refreshing org.springframework.context.support.GenericApplicationContext@1e3118a: startup date [Thu Aug 14 13:44:11 EDT 2014]; root of context hierarchy
Caller+0	 at org.springframework.context.support.AbstractApplicationContext.prepareRefresh(AbstractApplicationContext.java:513)
Caller+1	 at org.springframework.context.support.AbstractApplicationContext.refresh(AbstractApplicationContext.java:451)
Caller+2	 at org.springframework.test.context.support.AbstractGenericContextLoader.loadContext(AbstractGenericContextLoader.java:121)
Caller+3	 at org.springframework.test.context.support.AbstractGenericContextLoader.loadContext(AbstractGenericContextLoader.java:60)
Caller+4	 at org.springframework.test.context.CacheAwareContextLoaderDelegate.loadContextInternal(CacheAwareContextLoaderDelegate.java:64)
13:44:12 INFO  [o.s.b.f.a.AutowiredAnnotationBeanPostProcessor] JSR-330 'javax.inject.Inject' annotation found and supported for autowiring
Caller+0	 at org.springframework.beans.factory.annotation.AutowiredAnnotationBeanPostProcessor.<init>(AutowiredAnnotationBeanPostProcessor.java:141)
Caller+1	 at sun.reflect.NativeConstructorAccessorImpl.newInstance0(Native Method)
Caller+2	 at sun.reflect.NativeConstructorAccessorImpl.newInstance(NativeConstructorAccessorImpl.java:39)
Caller+3	 at sun.reflect.DelegatingConstructorAccessorImpl.newInstance(DelegatingConstructorAccessorImpl.java:27)
Caller+4	 at java.lang.reflect.Constructor.newInstance(Constructor.java:513)
13:44:12 INFO  [o.s.c.s.PostProcessorRegistrationDelegate$BeanPostProcessorChecker] Bean 'org.springframework.scheduling.annotation.SchedulingConfiguration' of type [class org.springframework.scheduling.annotation.SchedulingConfiguration$$EnhancerBySpringCGLIB$$746dd83e] is not eligible for getting processed by all BeanPostProcessors (for example: not eligible for auto-proxying)
Caller+0	 at org.springframework.context.support.PostProcessorRegistrationDelegate$BeanPostProcessorChecker.postProcessAfterInitialization(PostProcessorRegistrationDelegate.java:309)
Caller+1	 at org.springframework.beans.factory.support.AbstractAutowireCapableBeanFactory.applyBeanPostProcessorsAfterInitialization(AbstractAutowireCapableBeanFactory.java:421)
Caller+2	 at org.springframework.beans.factory.support.AbstractAutowireCapableBeanFactory.initializeBean(AbstractAutowireCapableBeanFactory.java:1558)
Caller+3	 at org.springframework.beans.factory.support.AbstractAutowireCapableBeanFactory.doCreateBean(AbstractAutowireCapableBeanFactory.java:539)
Caller+4	 at org.springframework.beans.factory.support.AbstractAutowireCapableBeanFactory.createBean(AbstractAutowireCapableBeanFactory.java:475)
13:44:13 DEBUG [org.jboss.logging             ] Logging Provider: org.jboss.logging.Slf4jLoggerProvider
Caller+0	 at org.jboss.logging.LoggerProviders.find(LoggerProviders.java:33)
Caller+1	 at org.jboss.logging.LoggerProviders.<clinit>(LoggerProviders.java:28)
Caller+2	 at org.jboss.logging.Logger.getLogger(Logger.java:2163)
Caller+3	 at org.jboss.logging.Logger.getLogger(Logger.java:2188)
Caller+4	 at org.hibernate.jpa.HibernatePersistenceProvider.<clinit>(HibernatePersistenceProvider.java:53)
13:44:13 INFO  [o.s.j.d.DriverManagerDataSource] Loaded JDBC driver: com.mysql.jdbc.Driver
Caller+0	 at org.springframework.jdbc.datasource.DriverManagerDataSource.setDriverClassName(DriverManagerDataSource.java:153)
Caller+1	 at com.tcl.car.config.MainConfig.mySqlDataSource(MainConfig.java:52)
Caller+2	 at com.tcl.car.config.MainConfig.carEntityManagerFactory(MainConfig.java:87)
Caller+3	 at com.tcl.car.config.MainConfig$$EnhancerBySpringCGLIB$$7f6e95d7.CGLIB$carEntityManagerFactory$1(<generated>)
Caller+4	 at com.tcl.car.config.MainConfig$$EnhancerBySpringCGLIB$$7f6e95d7$$FastClassBySpringCGLIB$$74cd6637.invoke(<generated>)
13:44:13 INFO  [o.s.o.j.LocalContainerEntityManagerFactoryBean] Building JPA container EntityManagerFactory for persistence unit 'default'
Caller+0	 at org.springframework.orm.jpa.LocalContainerEntityManagerFactoryBean.createNativeEntityManagerFactory(LocalContainerEntityManagerFactoryBean.java:287)
Caller+1	 at org.springframework.orm.jpa.AbstractEntityManagerFactoryBean.afterPropertiesSet(AbstractEntityManagerFactoryBean.java:310)
Caller+2	 at com.tcl.car.config.MainConfig.carEntityManagerFactory(MainConfig.java:90)
Caller+3	 at com.tcl.car.config.MainConfig$$EnhancerBySpringCGLIB$$7f6e95d7.CGLIB$carEntityManagerFactory$1(<generated>)
Caller+4	 at com.tcl.car.config.MainConfig$$EnhancerBySpringCGLIB$$7f6e95d7$$FastClassBySpringCGLIB$$74cd6637.invoke(<generated>)
13:44:13 WARN  [o.h.ejb.HibernatePersistence  ] HHH015016: Encountered a deprecated javax.persistence.spi.PersistenceProvider [org.hibernate.ejb.HibernatePersistence]; use [org.hibernate.jpa.HibernatePersistenceProvider] instead.
Caller+0	 at org.hibernate.ejb.HibernatePersistence.logDeprecation(HibernatePersistence.java:58)
Caller+1	 at org.hibernate.ejb.HibernatePersistence.createContainerEntityManagerFactory(HibernatePersistence.java:66)
Caller+2	 at org.springframework.orm.jpa.LocalContainerEntityManagerFactoryBean.createNativeEntityManagerFactory(LocalContainerEntityManagerFactoryBean.java:290)
Caller+3	 at org.springframework.orm.jpa.AbstractEntityManagerFactoryBean.afterPropertiesSet(AbstractEntityManagerFactoryBean.java:310)
Caller+4	 at com.tcl.car.config.MainConfig.carEntityManagerFactory(MainConfig.java:90)
13:44:13 INFO  [o.h.j.internal.util.LogHelper ] HHH000204: Processing PersistenceUnitInfo [
	name: default
	...]
Caller+0	 at org.hibernate.jpa.internal.util.LogHelper.logPersistenceUnitInformation(LogHelper.java:46)
Caller+1	 at org.hibernate.jpa.boot.internal.EntityManagerFactoryBuilderImpl.<init>(EntityManagerFactoryBuilderImpl.java:194)
Caller+2	 at org.hibernate.jpa.boot.internal.EntityManagerFactoryBuilderImpl.<init>(EntityManagerFactoryBuilderImpl.java:186)
Caller+3	 at org.hibernate.jpa.boot.spi.Bootstrap.getEntityManagerFactoryBuilder(Bootstrap.java:45)
Caller+4	 at org.hibernate.jpa.boot.spi.Bootstrap.getEntityManagerFactoryBuilder(Bootstrap.java:57)
13:44:14 INFO  [org.hibernate.Version         ] HHH000412: Hibernate Core {4.3.4.Final}
Caller+0	 at org.hibernate.Version.logVersion(Version.java:54)
Caller+1	 at org.hibernate.cfg.Environment.<clinit>(Environment.java:207)
Caller+2	 at org.hibernate.boot.registry.StandardServiceRegistryBuilder.<init>(StandardServiceRegistryBuilder.java:80)
Caller+3	 at org.hibernate.jpa.boot.internal.EntityManagerFactoryBuilderImpl.<init>(EntityManagerFactoryBuilderImpl.java:208)
Caller+4	 at org.hibernate.jpa.boot.internal.EntityManagerFactoryBuilderImpl.<init>(EntityManagerFactoryBuilderImpl.java:186)
13:44:14 INFO  [org.hibernate.cfg.Environment ] HHH000206: hibernate.properties not found
Caller+0	 at org.hibernate.cfg.Environment.<clinit>(Environment.java:239)
Caller+1	 at org.hibernate.boot.registry.StandardServiceRegistryBuilder.<init>(StandardServiceRegistryBuilder.java:80)
Caller+2	 at org.hibernate.jpa.boot.internal.EntityManagerFactoryBuilderImpl.<init>(EntityManagerFactoryBuilderImpl.java:208)
Caller+3	 at org.hibernate.jpa.boot.internal.EntityManagerFactoryBuilderImpl.<init>(EntityManagerFactoryBuilderImpl.java:186)
Caller+4	 at org.hibernate.jpa.boot.spi.Bootstrap.getEntityManagerFactoryBuilder(Bootstrap.java:45)
13:44:14 INFO  [org.hibernate.cfg.Environment ] HHH000021: Bytecode provider name : javassist
Caller+0	 at org.hibernate.cfg.Environment.buildBytecodeProvider(Environment.java:346)
Caller+1	 at org.hibernate.cfg.Environment.<clinit>(Environment.java:265)
Caller+2	 at org.hibernate.boot.registry.StandardServiceRegistryBuilder.<init>(StandardServiceRegistryBuilder.java:80)
Caller+3	 at org.hibernate.jpa.boot.internal.EntityManagerFactoryBuilderImpl.<init>(EntityManagerFactoryBuilderImpl.java:208)
Caller+4	 at org.hibernate.jpa.boot.internal.EntityManagerFactoryBuilderImpl.<init>(EntityManagerFactoryBuilderImpl.java:186)
13:44:15 INFO  [o.h.annotations.common.Version] HCANN000001: Hibernate Commons Annotations {4.0.4.Final}
Caller+0	 at org.hibernate.annotations.common.reflection.java.JavaReflectionManager.<clinit>(JavaReflectionManager.java:66)
Caller+1	 at org.hibernate.cfg.Configuration.createReflectionManager(Configuration.java:2547)
Caller+2	 at org.hibernate.cfg.Configuration.createReflectionManager(Configuration.java:2543)
Caller+3	 at org.hibernate.cfg.Configuration.reset(Configuration.java:298)
Caller+4	 at org.hibernate.cfg.Configuration.<init>(Configuration.java:289)
13:44:16 INFO  [org.hibernate.dialect.Dialect ] HHH000400: Using dialect: org.hibernate.dialect.MySQLDialect
Caller+0	 at org.hibernate.dialect.Dialect.<init>(Dialect.java:145)
Caller+1	 at org.hibernate.dialect.MySQLDialect.<init>(MySQLDialect.java:55)
Caller+2	 at sun.reflect.NativeConstructorAccessorImpl.newInstance0(Native Method)
Caller+3	 at sun.reflect.NativeConstructorAccessorImpl.newInstance(NativeConstructorAccessorImpl.java:39)
Caller+4	 at sun.reflect.DelegatingConstructorAccessorImpl.newInstance(DelegatingConstructorAccessorImpl.java:27)
13:44:17 INFO  [o.h.h.i.a.ASTQueryTranslatorFactory] HHH000397: Using ASTQueryTranslatorFactory
Caller+0	 at org.hibernate.hql.internal.ast.ASTQueryTranslatorFactory.<init>(ASTQueryTranslatorFactory.java:47)
Caller+1	 at sun.reflect.NativeConstructorAccessorImpl.newInstance0(Native Method)
Caller+2	 at sun.reflect.NativeConstructorAccessorImpl.newInstance(NativeConstructorAccessorImpl.java:39)
Caller+3	 at sun.reflect.DelegatingConstructorAccessorImpl.newInstance(DelegatingConstructorAccessorImpl.java:27)
Caller+4	 at java.lang.reflect.Constructor.newInstance(Constructor.java:513)
13:44:19 INFO  [o.h.tool.hbm2ddl.SchemaUpdate ] HHH000228: Running hbm2ddl schema update
Caller+0	 at org.hibernate.tool.hbm2ddl.SchemaUpdate.execute(SchemaUpdate.java:182)
Caller+1	 at org.hibernate.tool.hbm2ddl.SchemaUpdate.execute(SchemaUpdate.java:178)
Caller+2	 at org.hibernate.internal.SessionFactoryImpl.<init>(SessionFactoryImpl.java:522)
Caller+3	 at org.hibernate.cfg.Configuration.buildSessionFactory(Configuration.java:1857)
Caller+4	 at org.hibernate.jpa.boot.internal.EntityManagerFactoryBuilderImpl$4.perform(EntityManagerFactoryBuilderImpl.java:850)
13:44:19 INFO  [o.h.tool.hbm2ddl.SchemaUpdate ] HHH000102: Fetching database metadata
Caller+0	 at org.hibernate.tool.hbm2ddl.SchemaUpdate.execute(SchemaUpdate.java:193)
Caller+1	 at org.hibernate.tool.hbm2ddl.SchemaUpdate.execute(SchemaUpdate.java:178)
Caller+2	 at org.hibernate.internal.SessionFactoryImpl.<init>(SessionFactoryImpl.java:522)
Caller+3	 at org.hibernate.cfg.Configuration.buildSessionFactory(Configuration.java:1857)
Caller+4	 at org.hibernate.jpa.boot.internal.EntityManagerFactoryBuilderImpl$4.perform(EntityManagerFactoryBuilderImpl.java:850)
13:44:19 INFO  [o.h.tool.hbm2ddl.SchemaUpdate ] HHH000396: Updating schema
Caller+0	 at org.hibernate.tool.hbm2ddl.SchemaUpdate.execute(SchemaUpdate.java:205)
Caller+1	 at org.hibernate.tool.hbm2ddl.SchemaUpdate.execute(SchemaUpdate.java:178)
Caller+2	 at org.hibernate.internal.SessionFactoryImpl.<init>(SessionFactoryImpl.java:522)
Caller+3	 at org.hibernate.cfg.Configuration.buildSessionFactory(Configuration.java:1857)
Caller+4	 at org.hibernate.jpa.boot.internal.EntityManagerFactoryBuilderImpl$4.perform(EntityManagerFactoryBuilderImpl.java:850)
13:44:19 INFO  [o.h.tool.hbm2ddl.TableMetadata] HHH000261: Table found: craiglist.privatepreownercar
Caller+0	 at org.hibernate.tool.hbm2ddl.TableMetadata.<init>(TableMetadata.java:66)
Caller+1	 at org.hibernate.tool.hbm2ddl.DatabaseMetadata.getTableMetadata(DatabaseMetadata.java:141)
Caller+2	 at org.hibernate.cfg.Configuration.generateSchemaUpdateScriptList(Configuration.java:1202)
Caller+3	 at org.hibernate.tool.hbm2ddl.SchemaUpdate.execute(SchemaUpdate.java:212)
Caller+4	 at org.hibernate.tool.hbm2ddl.SchemaUpdate.execute(SchemaUpdate.java:178)
13:44:19 INFO  [o.h.tool.hbm2ddl.TableMetadata] HHH000037: Columns: [titlestatus, text, model, mileage, buystatus, makeyear, searchdate, transmission, url, id, source, color, vin, carcondition, selldate, sellprice, make]
Caller+0	 at org.hibernate.tool.hbm2ddl.TableMetadata.<init>(TableMetadata.java:67)
Caller+1	 at org.hibernate.tool.hbm2ddl.DatabaseMetadata.getTableMetadata(DatabaseMetadata.java:141)
Caller+2	 at org.hibernate.cfg.Configuration.generateSchemaUpdateScriptList(Configuration.java:1202)
Caller+3	 at org.hibernate.tool.hbm2ddl.SchemaUpdate.execute(SchemaUpdate.java:212)
Caller+4	 at org.hibernate.tool.hbm2ddl.SchemaUpdate.execute(SchemaUpdate.java:178)
13:44:19 INFO  [o.h.tool.hbm2ddl.TableMetadata] HHH000108: Foreign keys: []
Caller+0	 at org.hibernate.tool.hbm2ddl.TableMetadata.<init>(TableMetadata.java:69)
Caller+1	 at org.hibernate.tool.hbm2ddl.DatabaseMetadata.getTableMetadata(DatabaseMetadata.java:141)
Caller+2	 at org.hibernate.cfg.Configuration.generateSchemaUpdateScriptList(Configuration.java:1202)
Caller+3	 at org.hibernate.tool.hbm2ddl.SchemaUpdate.execute(SchemaUpdate.java:212)
Caller+4	 at org.hibernate.tool.hbm2ddl.SchemaUpdate.execute(SchemaUpdate.java:178)
13:44:19 INFO  [o.h.tool.hbm2ddl.TableMetadata] HHH000126: Indexes: [primary]
Caller+0	 at org.hibernate.tool.hbm2ddl.TableMetadata.<init>(TableMetadata.java:70)
Caller+1	 at org.hibernate.tool.hbm2ddl.DatabaseMetadata.getTableMetadata(DatabaseMetadata.java:141)
Caller+2	 at org.hibernate.cfg.Configuration.generateSchemaUpdateScriptList(Configuration.java:1202)
Caller+3	 at org.hibernate.tool.hbm2ddl.SchemaUpdate.execute(SchemaUpdate.java:212)
Caller+4	 at org.hibernate.tool.hbm2ddl.SchemaUpdate.execute(SchemaUpdate.java:178)
13:44:19 INFO  [o.h.tool.hbm2ddl.SchemaUpdate ] HHH000232: Schema update complete
Caller+0	 at org.hibernate.tool.hbm2ddl.SchemaUpdate.execute(SchemaUpdate.java:242)
Caller+1	 at org.hibernate.tool.hbm2ddl.SchemaUpdate.execute(SchemaUpdate.java:178)
Caller+2	 at org.hibernate.internal.SessionFactoryImpl.<init>(SessionFactoryImpl.java:522)
Caller+3	 at org.hibernate.cfg.Configuration.buildSessionFactory(Configuration.java:1857)
Caller+4	 at org.hibernate.jpa.boot.internal.EntityManagerFactoryBuilderImpl$4.perform(EntityManagerFactoryBuilderImpl.java:850)
13:44:21 INFO  [o.s.j.d.DriverManagerDataSource] Loaded JDBC driver: com.mysql.jdbc.Driver
Caller+0	 at org.springframework.jdbc.datasource.DriverManagerDataSource.setDriverClassName(DriverManagerDataSource.java:153)
Caller+1	 at com.tcl.car.config.MainConfig.mySqlDataSource(MainConfig.java:52)
Caller+2	 at com.tcl.car.config.MainConfig.rautoJdbcTemplate(MainConfig.java:71)
Caller+3	 at com.tcl.car.config.MainConfig$$EnhancerBySpringCGLIB$$7f6e95d7.CGLIB$rautoJdbcTemplate$0(<generated>)
Caller+4	 at com.tcl.car.config.MainConfig$$EnhancerBySpringCGLIB$$7f6e95d7$$FastClassBySpringCGLIB$$74cd6637.invoke(<generated>)
13:44:22 DEBUG [c.t.c.s.RegularCraiglistCrawlerService] begin running crawler
Caller+0	 at com.tcl.craiglist.service.RegularCraiglistCrawlerService.crawler(RegularCraiglistCrawlerService.java:23)
Caller+1	 at sun.reflect.NativeMethodAccessorImpl.invoke0(Native Method)
Caller+2	 at sun.reflect.NativeMethodAccessorImpl.invoke(NativeMethodAccessorImpl.java:39)
Caller+3	 at sun.reflect.DelegatingMethodAccessorImpl.invoke(DelegatingMethodAccessorImpl.java:25)
Caller+4	 at java.lang.reflect.Method.invoke(Method.java:597)
13:44:22 DEBUG [JpaTest                       ] item size:0
Caller+0	 at JpaTest.testPrivatePreOwnerCarRepository(JpaTest.java:37)
Caller+1	 at sun.reflect.NativeMethodAccessorImpl.invoke0(Native Method)
Caller+2	 at sun.reflect.NativeMethodAccessorImpl.invoke(NativeMethodAccessorImpl.java:39)
Caller+3	 at sun.reflect.DelegatingMethodAccessorImpl.invoke(DelegatingMethodAccessorImpl.java:25)
Caller+4	 at java.lang.reflect.Method.invoke(Method.java:597)
13:44:23 INFO  [o.s.c.s.GenericApplicationContext] Closing org.springframework.context.support.GenericApplicationContext@1e3118a: startup date [Thu Aug 14 13:44:11 EDT 2014]; root of context hierarchy
Caller+0	 at org.springframework.context.support.AbstractApplicationContext.doClose(AbstractApplicationContext.java:873)
Caller+1	 at org.springframework.context.support.AbstractApplicationContext$1.run(AbstractApplicationContext.java:809)
13:50:14 INFO  [o.s.c.s.GenericApplicationContext] Refreshing org.springframework.context.support.GenericApplicationContext@94884d: startup date [Thu Aug 14 13:50:14 EDT 2014]; root of context hierarchy
Caller+0	 at org.springframework.context.support.AbstractApplicationContext.prepareRefresh(AbstractApplicationContext.java:513)
Caller+1	 at org.springframework.context.support.AbstractApplicationContext.refresh(AbstractApplicationContext.java:451)
Caller+2	 at org.springframework.test.context.support.AbstractGenericContextLoader.loadContext(AbstractGenericContextLoader.java:121)
Caller+3	 at org.springframework.test.context.support.AbstractGenericContextLoader.loadContext(AbstractGenericContextLoader.java:60)
Caller+4	 at org.springframework.test.context.CacheAwareContextLoaderDelegate.loadContextInternal(CacheAwareContextLoaderDelegate.java:64)
13:50:15 INFO  [o.s.b.f.a.AutowiredAnnotationBeanPostProcessor] JSR-330 'javax.inject.Inject' annotation found and supported for autowiring
Caller+0	 at org.springframework.beans.factory.annotation.AutowiredAnnotationBeanPostProcessor.<init>(AutowiredAnnotationBeanPostProcessor.java:141)
Caller+1	 at sun.reflect.NativeConstructorAccessorImpl.newInstance0(Native Method)
Caller+2	 at sun.reflect.NativeConstructorAccessorImpl.newInstance(NativeConstructorAccessorImpl.java:39)
Caller+3	 at sun.reflect.DelegatingConstructorAccessorImpl.newInstance(DelegatingConstructorAccessorImpl.java:27)
Caller+4	 at java.lang.reflect.Constructor.newInstance(Constructor.java:513)
13:50:15 INFO  [o.s.c.s.PostProcessorRegistrationDelegate$BeanPostProcessorChecker] Bean 'org.springframework.scheduling.annotation.SchedulingConfiguration' of type [class org.springframework.scheduling.annotation.SchedulingConfiguration$$EnhancerBySpringCGLIB$$6c493d38] is not eligible for getting processed by all BeanPostProcessors (for example: not eligible for auto-proxying)
Caller+0	 at org.springframework.context.support.PostProcessorRegistrationDelegate$BeanPostProcessorChecker.postProcessAfterInitialization(PostProcessorRegistrationDelegate.java:309)
Caller+1	 at org.springframework.beans.factory.support.AbstractAutowireCapableBeanFactory.applyBeanPostProcessorsAfterInitialization(AbstractAutowireCapableBeanFactory.java:421)
Caller+2	 at org.springframework.beans.factory.support.AbstractAutowireCapableBeanFactory.initializeBean(AbstractAutowireCapableBeanFactory.java:1558)
Caller+3	 at org.springframework.beans.factory.support.AbstractAutowireCapableBeanFactory.doCreateBean(AbstractAutowireCapableBeanFactory.java:539)
Caller+4	 at org.springframework.beans.factory.support.AbstractAutowireCapableBeanFactory.createBean(AbstractAutowireCapableBeanFactory.java:475)
13:50:15 DEBUG [org.jboss.logging             ] Logging Provider: org.jboss.logging.Slf4jLoggerProvider
Caller+0	 at org.jboss.logging.LoggerProviders.find(LoggerProviders.java:33)
Caller+1	 at org.jboss.logging.LoggerProviders.<clinit>(LoggerProviders.java:28)
Caller+2	 at org.jboss.logging.Logger.getLogger(Logger.java:2163)
Caller+3	 at org.jboss.logging.Logger.getLogger(Logger.java:2188)
Caller+4	 at org.hibernate.jpa.HibernatePersistenceProvider.<clinit>(HibernatePersistenceProvider.java:53)
13:50:15 INFO  [o.s.j.d.DriverManagerDataSource] Loaded JDBC driver: com.mysql.jdbc.Driver
Caller+0	 at org.springframework.jdbc.datasource.DriverManagerDataSource.setDriverClassName(DriverManagerDataSource.java:153)
Caller+1	 at com.tcl.car.config.MainConfig.mySqlDataSource(MainConfig.java:52)
Caller+2	 at com.tcl.car.config.MainConfig.carEntityManagerFactory(MainConfig.java:87)
Caller+3	 at com.tcl.car.config.MainConfig$$EnhancerBySpringCGLIB$$7749fad1.CGLIB$carEntityManagerFactory$1(<generated>)
Caller+4	 at com.tcl.car.config.MainConfig$$EnhancerBySpringCGLIB$$7749fad1$$FastClassBySpringCGLIB$$b8c7e3b7.invoke(<generated>)
13:50:15 INFO  [o.s.o.j.LocalContainerEntityManagerFactoryBean] Building JPA container EntityManagerFactory for persistence unit 'default'
Caller+0	 at org.springframework.orm.jpa.LocalContainerEntityManagerFactoryBean.createNativeEntityManagerFactory(LocalContainerEntityManagerFactoryBean.java:287)
Caller+1	 at org.springframework.orm.jpa.AbstractEntityManagerFactoryBean.afterPropertiesSet(AbstractEntityManagerFactoryBean.java:310)
Caller+2	 at com.tcl.car.config.MainConfig.carEntityManagerFactory(MainConfig.java:90)
Caller+3	 at com.tcl.car.config.MainConfig$$EnhancerBySpringCGLIB$$7749fad1.CGLIB$carEntityManagerFactory$1(<generated>)
Caller+4	 at com.tcl.car.config.MainConfig$$EnhancerBySpringCGLIB$$7749fad1$$FastClassBySpringCGLIB$$b8c7e3b7.invoke(<generated>)
13:50:15 WARN  [o.h.ejb.HibernatePersistence  ] HHH015016: Encountered a deprecated javax.persistence.spi.PersistenceProvider [org.hibernate.ejb.HibernatePersistence]; use [org.hibernate.jpa.HibernatePersistenceProvider] instead.
Caller+0	 at org.hibernate.ejb.HibernatePersistence.logDeprecation(HibernatePersistence.java:58)
Caller+1	 at org.hibernate.ejb.HibernatePersistence.createContainerEntityManagerFactory(HibernatePersistence.java:66)
Caller+2	 at org.springframework.orm.jpa.LocalContainerEntityManagerFactoryBean.createNativeEntityManagerFactory(LocalContainerEntityManagerFactoryBean.java:290)
Caller+3	 at org.springframework.orm.jpa.AbstractEntityManagerFactoryBean.afterPropertiesSet(AbstractEntityManagerFactoryBean.java:310)
Caller+4	 at com.tcl.car.config.MainConfig.carEntityManagerFactory(MainConfig.java:90)
13:50:15 INFO  [o.h.j.internal.util.LogHelper ] HHH000204: Processing PersistenceUnitInfo [
	name: default
	...]
Caller+0	 at org.hibernate.jpa.internal.util.LogHelper.logPersistenceUnitInformation(LogHelper.java:46)
Caller+1	 at org.hibernate.jpa.boot.internal.EntityManagerFactoryBuilderImpl.<init>(EntityManagerFactoryBuilderImpl.java:194)
Caller+2	 at org.hibernate.jpa.boot.internal.EntityManagerFactoryBuilderImpl.<init>(EntityManagerFactoryBuilderImpl.java:186)
Caller+3	 at org.hibernate.jpa.boot.spi.Bootstrap.getEntityManagerFactoryBuilder(Bootstrap.java:45)
Caller+4	 at org.hibernate.jpa.boot.spi.Bootstrap.getEntityManagerFactoryBuilder(Bootstrap.java:57)
13:50:15 INFO  [org.hibernate.Version         ] HHH000412: Hibernate Core {4.3.4.Final}
Caller+0	 at org.hibernate.Version.logVersion(Version.java:54)
Caller+1	 at org.hibernate.cfg.Environment.<clinit>(Environment.java:207)
Caller+2	 at org.hibernate.boot.registry.StandardServiceRegistryBuilder.<init>(StandardServiceRegistryBuilder.java:80)
Caller+3	 at org.hibernate.jpa.boot.internal.EntityManagerFactoryBuilderImpl.<init>(EntityManagerFactoryBuilderImpl.java:208)
Caller+4	 at org.hibernate.jpa.boot.internal.EntityManagerFactoryBuilderImpl.<init>(EntityManagerFactoryBuilderImpl.java:186)
13:50:15 INFO  [org.hibernate.cfg.Environment ] HHH000206: hibernate.properties not found
Caller+0	 at org.hibernate.cfg.Environment.<clinit>(Environment.java:239)
Caller+1	 at org.hibernate.boot.registry.StandardServiceRegistryBuilder.<init>(StandardServiceRegistryBuilder.java:80)
Caller+2	 at org.hibernate.jpa.boot.internal.EntityManagerFactoryBuilderImpl.<init>(EntityManagerFactoryBuilderImpl.java:208)
Caller+3	 at org.hibernate.jpa.boot.internal.EntityManagerFactoryBuilderImpl.<init>(EntityManagerFactoryBuilderImpl.java:186)
Caller+4	 at org.hibernate.jpa.boot.spi.Bootstrap.getEntityManagerFactoryBuilder(Bootstrap.java:45)
13:50:15 INFO  [org.hibernate.cfg.Environment ] HHH000021: Bytecode provider name : javassist
Caller+0	 at org.hibernate.cfg.Environment.buildBytecodeProvider(Environment.java:346)
Caller+1	 at org.hibernate.cfg.Environment.<clinit>(Environment.java:265)
Caller+2	 at org.hibernate.boot.registry.StandardServiceRegistryBuilder.<init>(StandardServiceRegistryBuilder.java:80)
Caller+3	 at org.hibernate.jpa.boot.internal.EntityManagerFactoryBuilderImpl.<init>(EntityManagerFactoryBuilderImpl.java:208)
Caller+4	 at org.hibernate.jpa.boot.internal.EntityManagerFactoryBuilderImpl.<init>(EntityManagerFactoryBuilderImpl.java:186)
13:50:16 INFO  [o.h.annotations.common.Version] HCANN000001: Hibernate Commons Annotations {4.0.4.Final}
Caller+0	 at org.hibernate.annotations.common.reflection.java.JavaReflectionManager.<clinit>(JavaReflectionManager.java:66)
Caller+1	 at org.hibernate.cfg.Configuration.createReflectionManager(Configuration.java:2547)
Caller+2	 at org.hibernate.cfg.Configuration.createReflectionManager(Configuration.java:2543)
Caller+3	 at org.hibernate.cfg.Configuration.reset(Configuration.java:298)
Caller+4	 at org.hibernate.cfg.Configuration.<init>(Configuration.java:289)
13:50:16 INFO  [org.hibernate.dialect.Dialect ] HHH000400: Using dialect: org.hibernate.dialect.MySQLDialect
Caller+0	 at org.hibernate.dialect.Dialect.<init>(Dialect.java:145)
Caller+1	 at org.hibernate.dialect.MySQLDialect.<init>(MySQLDialect.java:55)
Caller+2	 at sun.reflect.NativeConstructorAccessorImpl.newInstance0(Native Method)
Caller+3	 at sun.reflect.NativeConstructorAccessorImpl.newInstance(NativeConstructorAccessorImpl.java:39)
Caller+4	 at sun.reflect.DelegatingConstructorAccessorImpl.newInstance(DelegatingConstructorAccessorImpl.java:27)
13:50:17 INFO  [o.h.h.i.a.ASTQueryTranslatorFactory] HHH000397: Using ASTQueryTranslatorFactory
Caller+0	 at org.hibernate.hql.internal.ast.ASTQueryTranslatorFactory.<init>(ASTQueryTranslatorFactory.java:47)
Caller+1	 at sun.reflect.NativeConstructorAccessorImpl.newInstance0(Native Method)
Caller+2	 at sun.reflect.NativeConstructorAccessorImpl.newInstance(NativeConstructorAccessorImpl.java:39)
Caller+3	 at sun.reflect.DelegatingConstructorAccessorImpl.newInstance(DelegatingConstructorAccessorImpl.java:27)
Caller+4	 at java.lang.reflect.Constructor.newInstance(Constructor.java:513)
13:50:18 INFO  [o.h.tool.hbm2ddl.SchemaUpdate ] HHH000228: Running hbm2ddl schema update
Caller+0	 at org.hibernate.tool.hbm2ddl.SchemaUpdate.execute(SchemaUpdate.java:182)
Caller+1	 at org.hibernate.tool.hbm2ddl.SchemaUpdate.execute(SchemaUpdate.java:178)
Caller+2	 at org.hibernate.internal.SessionFactoryImpl.<init>(SessionFactoryImpl.java:522)
Caller+3	 at org.hibernate.cfg.Configuration.buildSessionFactory(Configuration.java:1857)
Caller+4	 at org.hibernate.jpa.boot.internal.EntityManagerFactoryBuilderImpl$4.perform(EntityManagerFactoryBuilderImpl.java:850)
13:50:18 INFO  [o.h.tool.hbm2ddl.SchemaUpdate ] HHH000102: Fetching database metadata
Caller+0	 at org.hibernate.tool.hbm2ddl.SchemaUpdate.execute(SchemaUpdate.java:193)
Caller+1	 at org.hibernate.tool.hbm2ddl.SchemaUpdate.execute(SchemaUpdate.java:178)
Caller+2	 at org.hibernate.internal.SessionFactoryImpl.<init>(SessionFactoryImpl.java:522)
Caller+3	 at org.hibernate.cfg.Configuration.buildSessionFactory(Configuration.java:1857)
Caller+4	 at org.hibernate.jpa.boot.internal.EntityManagerFactoryBuilderImpl$4.perform(EntityManagerFactoryBuilderImpl.java:850)
13:50:18 INFO  [o.h.tool.hbm2ddl.SchemaUpdate ] HHH000396: Updating schema
Caller+0	 at org.hibernate.tool.hbm2ddl.SchemaUpdate.execute(SchemaUpdate.java:205)
Caller+1	 at org.hibernate.tool.hbm2ddl.SchemaUpdate.execute(SchemaUpdate.java:178)
Caller+2	 at org.hibernate.internal.SessionFactoryImpl.<init>(SessionFactoryImpl.java:522)
Caller+3	 at org.hibernate.cfg.Configuration.buildSessionFactory(Configuration.java:1857)
Caller+4	 at org.hibernate.jpa.boot.internal.EntityManagerFactoryBuilderImpl$4.perform(EntityManagerFactoryBuilderImpl.java:850)
13:50:18 INFO  [o.h.tool.hbm2ddl.TableMetadata] HHH000261: Table found: craiglist.privatepreownercar
Caller+0	 at org.hibernate.tool.hbm2ddl.TableMetadata.<init>(TableMetadata.java:66)
Caller+1	 at org.hibernate.tool.hbm2ddl.DatabaseMetadata.getTableMetadata(DatabaseMetadata.java:141)
Caller+2	 at org.hibernate.cfg.Configuration.generateSchemaUpdateScriptList(Configuration.java:1202)
Caller+3	 at org.hibernate.tool.hbm2ddl.SchemaUpdate.execute(SchemaUpdate.java:212)
Caller+4	 at org.hibernate.tool.hbm2ddl.SchemaUpdate.execute(SchemaUpdate.java:178)
13:50:18 INFO  [o.h.tool.hbm2ddl.TableMetadata] HHH000037: Columns: [titlestatus, text, model, mileage, buystatus, makeyear, searchdate, transmission, url, id, source, color, vin, autofueltype, carcondition, selldate, sellprice, make]
Caller+0	 at org.hibernate.tool.hbm2ddl.TableMetadata.<init>(TableMetadata.java:67)
Caller+1	 at org.hibernate.tool.hbm2ddl.DatabaseMetadata.getTableMetadata(DatabaseMetadata.java:141)
Caller+2	 at org.hibernate.cfg.Configuration.generateSchemaUpdateScriptList(Configuration.java:1202)
Caller+3	 at org.hibernate.tool.hbm2ddl.SchemaUpdate.execute(SchemaUpdate.java:212)
Caller+4	 at org.hibernate.tool.hbm2ddl.SchemaUpdate.execute(SchemaUpdate.java:178)
13:50:18 INFO  [o.h.tool.hbm2ddl.TableMetadata] HHH000108: Foreign keys: []
Caller+0	 at org.hibernate.tool.hbm2ddl.TableMetadata.<init>(TableMetadata.java:69)
Caller+1	 at org.hibernate.tool.hbm2ddl.DatabaseMetadata.getTableMetadata(DatabaseMetadata.java:141)
Caller+2	 at org.hibernate.cfg.Configuration.generateSchemaUpdateScriptList(Configuration.java:1202)
Caller+3	 at org.hibernate.tool.hbm2ddl.SchemaUpdate.execute(SchemaUpdate.java:212)
Caller+4	 at org.hibernate.tool.hbm2ddl.SchemaUpdate.execute(SchemaUpdate.java:178)
13:50:18 INFO  [o.h.tool.hbm2ddl.TableMetadata] HHH000126: Indexes: [primary]
Caller+0	 at org.hibernate.tool.hbm2ddl.TableMetadata.<init>(TableMetadata.java:70)
Caller+1	 at org.hibernate.tool.hbm2ddl.DatabaseMetadata.getTableMetadata(DatabaseMetadata.java:141)
Caller+2	 at org.hibernate.cfg.Configuration.generateSchemaUpdateScriptList(Configuration.java:1202)
Caller+3	 at org.hibernate.tool.hbm2ddl.SchemaUpdate.execute(SchemaUpdate.java:212)
Caller+4	 at org.hibernate.tool.hbm2ddl.SchemaUpdate.execute(SchemaUpdate.java:178)
13:50:18 INFO  [o.h.tool.hbm2ddl.SchemaUpdate ] HHH000232: Schema update complete
Caller+0	 at org.hibernate.tool.hbm2ddl.SchemaUpdate.execute(SchemaUpdate.java:242)
Caller+1	 at org.hibernate.tool.hbm2ddl.SchemaUpdate.execute(SchemaUpdate.java:178)
Caller+2	 at org.hibernate.internal.SessionFactoryImpl.<init>(SessionFactoryImpl.java:522)
Caller+3	 at org.hibernate.cfg.Configuration.buildSessionFactory(Configuration.java:1857)
Caller+4	 at org.hibernate.jpa.boot.internal.EntityManagerFactoryBuilderImpl$4.perform(EntityManagerFactoryBuilderImpl.java:850)
13:50:19 INFO  [o.s.j.d.DriverManagerDataSource] Loaded JDBC driver: com.mysql.jdbc.Driver
Caller+0	 at org.springframework.jdbc.datasource.DriverManagerDataSource.setDriverClassName(DriverManagerDataSource.java:153)
Caller+1	 at com.tcl.car.config.MainConfig.mySqlDataSource(MainConfig.java:52)
Caller+2	 at com.tcl.car.config.MainConfig.rautoJdbcTemplate(MainConfig.java:71)
Caller+3	 at com.tcl.car.config.MainConfig$$EnhancerBySpringCGLIB$$7749fad1.CGLIB$rautoJdbcTemplate$0(<generated>)
Caller+4	 at com.tcl.car.config.MainConfig$$EnhancerBySpringCGLIB$$7749fad1$$FastClassBySpringCGLIB$$b8c7e3b7.invoke(<generated>)
13:50:19 DEBUG [c.t.c.s.RegularCraiglistCrawlerService] begin running crawler
Caller+0	 at com.tcl.craiglist.service.RegularCraiglistCrawlerService.crawler(RegularCraiglistCrawlerService.java:23)
Caller+1	 at sun.reflect.NativeMethodAccessorImpl.invoke0(Native Method)
Caller+2	 at sun.reflect.NativeMethodAccessorImpl.invoke(NativeMethodAccessorImpl.java:39)
Caller+3	 at sun.reflect.DelegatingMethodAccessorImpl.invoke(DelegatingMethodAccessorImpl.java:25)
Caller+4	 at java.lang.reflect.Method.invoke(Method.java:597)
13:50:19 ERROR [o.s.s.s.TaskUtils$LoggingErrorHandler] Unexpected error occurred in scheduled task.
Caller+0	 at org.springframework.scheduling.support.TaskUtils$LoggingErrorHandler.handleError(TaskUtils.java:95)
Caller+1	 at org.springframework.scheduling.support.DelegatingErrorHandlingRunnable.run(DelegatingErrorHandlingRunnable.java:60)
Caller+2	 at java.util.concurrent.Executors$RunnableAdapter.call(Executors.java:441)
Caller+3	 at java.util.concurrent.FutureTask$Sync.innerRunAndReset(FutureTask.java:317)
Caller+4	 at java.util.concurrent.FutureTask.runAndReset(FutureTask.java:150)
java.lang.Error: Unresolved compilation problem: 
	url_prefix cannot be resolved to a variable

	at com.tcl.craiglist.service.CraiglistCrawler.crawlData(CraiglistCrawler.java:42) ~[classes/:na]
	at com.tcl.craiglist.service.RegularCraiglistCrawlerService.crawler(RegularCraiglistCrawlerService.java:24) ~[classes/:na]
	at sun.reflect.NativeMethodAccessorImpl.invoke0(Native Method) ~[na:1.6.0]
	at sun.reflect.NativeMethodAccessorImpl.invoke(NativeMethodAccessorImpl.java:39) ~[na:1.6.0]
	at sun.reflect.DelegatingMethodAccessorImpl.invoke(DelegatingMethodAccessorImpl.java:25) ~[na:1.6.0]
	at java.lang.reflect.Method.invoke(Method.java:597) ~[na:1.6.0]
	at org.springframework.scheduling.support.ScheduledMethodRunnable.run(ScheduledMethodRunnable.java:65) ~[spring-context-4.0.2.RELEASE.jar:4.0.2.RELEASE]
	at org.springframework.scheduling.support.DelegatingErrorHandlingRunnable.run(DelegatingErrorHandlingRunnable.java:54) ~[spring-context-4.0.2.RELEASE.jar:4.0.2.RELEASE]
	at java.util.concurrent.Executors$RunnableAdapter.call(Executors.java:441) [na:1.6.0]
	at java.util.concurrent.FutureTask$Sync.innerRunAndReset(FutureTask.java:317) [na:1.6.0]
	at java.util.concurrent.FutureTask.runAndReset(FutureTask.java:150) [na:1.6.0]
	at java.util.concurrent.ScheduledThreadPoolExecutor$ScheduledFutureTask.access$101(ScheduledThreadPoolExecutor.java:98) [na:1.6.0]
	at java.util.concurrent.ScheduledThreadPoolExecutor$ScheduledFutureTask.runPeriodic(ScheduledThreadPoolExecutor.java:181) [na:1.6.0]
	at java.util.concurrent.ScheduledThreadPoolExecutor$ScheduledFutureTask.run(ScheduledThreadPoolExecutor.java:205) [na:1.6.0]
	at java.util.concurrent.ThreadPoolExecutor$Worker.runTask(ThreadPoolExecutor.java:885) [na:1.6.0]
	at java.util.concurrent.ThreadPoolExecutor$Worker.run(ThreadPoolExecutor.java:907) [na:1.6.0]
	at java.lang.Thread.run(Thread.java:619) [na:1.6.0]
13:50:20 DEBUG [JpaTest                       ] item size:0
Caller+0	 at JpaTest.testPrivatePreOwnerCarRepository(JpaTest.java:37)
Caller+1	 at sun.reflect.NativeMethodAccessorImpl.invoke0(Native Method)
Caller+2	 at sun.reflect.NativeMethodAccessorImpl.invoke(NativeMethodAccessorImpl.java:39)
Caller+3	 at sun.reflect.DelegatingMethodAccessorImpl.invoke(DelegatingMethodAccessorImpl.java:25)
Caller+4	 at java.lang.reflect.Method.invoke(Method.java:597)
13:50:20 INFO  [o.s.c.s.GenericApplicationContext] Closing org.springframework.context.support.GenericApplicationContext@94884d: startup date [Thu Aug 14 13:50:14 EDT 2014]; root of context hierarchy
Caller+0	 at org.springframework.context.support.AbstractApplicationContext.doClose(AbstractApplicationContext.java:873)
Caller+1	 at org.springframework.context.support.AbstractApplicationContext$1.run(AbstractApplicationContext.java:809)
14:51:58 INFO  [o.a.h.impl.execchain.RetryExec] I/O exception (org.apache.http.NoHttpResponseException) caught when processing request to {}->http://sfbay.craigslist.org:80: The target server failed to respond
Caller+0	 at org.apache.http.impl.execchain.RetryExec.execute(RetryExec.java:94)
Caller+1	 at org.apache.http.impl.execchain.RedirectExec.execute(RedirectExec.java:108)
Caller+2	 at org.apache.http.impl.client.InternalHttpClient.doExecute(InternalHttpClient.java:186)
Caller+3	 at org.apache.http.impl.client.CloseableHttpClient.execute(CloseableHttpClient.java:72)
Caller+4	 at com.gargoylesoftware.htmlunit.HttpWebConnection.getResponse(HttpWebConnection.java:179)
14:51:58 INFO  [o.a.h.impl.execchain.RetryExec] Retrying request to {}->http://sfbay.craigslist.org:80
Caller+0	 at org.apache.http.impl.execchain.RetryExec.execute(RetryExec.java:110)
Caller+1	 at org.apache.http.impl.execchain.RedirectExec.execute(RedirectExec.java:108)
Caller+2	 at org.apache.http.impl.client.InternalHttpClient.doExecute(InternalHttpClient.java:186)
Caller+3	 at org.apache.http.impl.client.CloseableHttpClient.execute(CloseableHttpClient.java:72)
Caller+4	 at com.gargoylesoftware.htmlunit.HttpWebConnection.getResponse(HttpWebConnection.java:179)
17:46:09 INFO  [o.s.c.s.GenericApplicationContext] Refreshing org.springframework.context.support.GenericApplicationContext@281d4b: startup date [Thu Aug 14 17:46:09 EDT 2014]; root of context hierarchy
Caller+0	 at org.springframework.context.support.AbstractApplicationContext.prepareRefresh(AbstractApplicationContext.java:513)
Caller+1	 at org.springframework.context.support.AbstractApplicationContext.refresh(AbstractApplicationContext.java:451)
Caller+2	 at org.springframework.test.context.support.AbstractGenericContextLoader.loadContext(AbstractGenericContextLoader.java:121)
Caller+3	 at org.springframework.test.context.support.AbstractGenericContextLoader.loadContext(AbstractGenericContextLoader.java:60)
Caller+4	 at org.springframework.test.context.CacheAwareContextLoaderDelegate.loadContextInternal(CacheAwareContextLoaderDelegate.java:64)
17:46:21 INFO  [o.s.c.s.GenericApplicationContext] Refreshing org.springframework.context.support.GenericApplicationContext@281d4b: startup date [Thu Aug 14 17:46:21 EDT 2014]; root of context hierarchy
Caller+0	 at org.springframework.context.support.AbstractApplicationContext.prepareRefresh(AbstractApplicationContext.java:513)
Caller+1	 at org.springframework.context.support.AbstractApplicationContext.refresh(AbstractApplicationContext.java:451)
Caller+2	 at org.springframework.test.context.support.AbstractGenericContextLoader.loadContext(AbstractGenericContextLoader.java:121)
Caller+3	 at org.springframework.test.context.support.AbstractGenericContextLoader.loadContext(AbstractGenericContextLoader.java:60)
Caller+4	 at org.springframework.test.context.CacheAwareContextLoaderDelegate.loadContextInternal(CacheAwareContextLoaderDelegate.java:64)
17:47:39 INFO  [o.s.c.s.GenericApplicationContext] Refreshing org.springframework.context.support.GenericApplicationContext@19b5217: startup date [Thu Aug 14 17:47:39 EDT 2014]; root of context hierarchy
Caller+0	 at org.springframework.context.support.AbstractApplicationContext.prepareRefresh(AbstractApplicationContext.java:513)
Caller+1	 at org.springframework.context.support.AbstractApplicationContext.refresh(AbstractApplicationContext.java:451)
Caller+2	 at org.springframework.test.context.support.AbstractGenericContextLoader.loadContext(AbstractGenericContextLoader.java:121)
Caller+3	 at org.springframework.test.context.support.AbstractGenericContextLoader.loadContext(AbstractGenericContextLoader.java:60)
Caller+4	 at org.springframework.test.context.CacheAwareContextLoaderDelegate.loadContextInternal(CacheAwareContextLoaderDelegate.java:64)
17:48:39 INFO  [o.s.c.s.GenericApplicationContext] Refreshing org.springframework.context.support.GenericApplicationContext@281d4b: startup date [Thu Aug 14 17:48:39 EDT 2014]; root of context hierarchy
Caller+0	 at org.springframework.context.support.AbstractApplicationContext.prepareRefresh(AbstractApplicationContext.java:513)
Caller+1	 at org.springframework.context.support.AbstractApplicationContext.refresh(AbstractApplicationContext.java:451)
Caller+2	 at org.springframework.test.context.support.AbstractGenericContextLoader.loadContext(AbstractGenericContextLoader.java:121)
Caller+3	 at org.springframework.test.context.support.AbstractGenericContextLoader.loadContext(AbstractGenericContextLoader.java:60)
Caller+4	 at org.springframework.test.context.CacheAwareContextLoaderDelegate.loadContextInternal(CacheAwareContextLoaderDelegate.java:64)
17:48:40 INFO  [o.s.b.f.a.AutowiredAnnotationBeanPostProcessor] JSR-330 'javax.inject.Inject' annotation found and supported for autowiring
Caller+0	 at org.springframework.beans.factory.annotation.AutowiredAnnotationBeanPostProcessor.<init>(AutowiredAnnotationBeanPostProcessor.java:141)
Caller+1	 at sun.reflect.NativeConstructorAccessorImpl.newInstance0(Native Method)
Caller+2	 at sun.reflect.NativeConstructorAccessorImpl.newInstance(NativeConstructorAccessorImpl.java:39)
Caller+3	 at sun.reflect.DelegatingConstructorAccessorImpl.newInstance(DelegatingConstructorAccessorImpl.java:27)
Caller+4	 at java.lang.reflect.Constructor.newInstance(Constructor.java:513)
17:48:40 INFO  [o.s.c.s.PostProcessorRegistrationDelegate$BeanPostProcessorChecker] Bean 'org.springframework.scheduling.annotation.SchedulingConfiguration' of type [class org.springframework.scheduling.annotation.SchedulingConfiguration$$EnhancerBySpringCGLIB$$a03aa7ff] is not eligible for getting processed by all BeanPostProcessors (for example: not eligible for auto-proxying)
Caller+0	 at org.springframework.context.support.PostProcessorRegistrationDelegate$BeanPostProcessorChecker.postProcessAfterInitialization(PostProcessorRegistrationDelegate.java:309)
Caller+1	 at org.springframework.beans.factory.support.AbstractAutowireCapableBeanFactory.applyBeanPostProcessorsAfterInitialization(AbstractAutowireCapableBeanFactory.java:421)
Caller+2	 at org.springframework.beans.factory.support.AbstractAutowireCapableBeanFactory.initializeBean(AbstractAutowireCapableBeanFactory.java:1558)
Caller+3	 at org.springframework.beans.factory.support.AbstractAutowireCapableBeanFactory.doCreateBean(AbstractAutowireCapableBeanFactory.java:539)
Caller+4	 at org.springframework.beans.factory.support.AbstractAutowireCapableBeanFactory.createBean(AbstractAutowireCapableBeanFactory.java:475)
17:48:40 ERROR [o.s.t.c.TestContextManager    ] Caught exception while allowing TestExecutionListener [org.springframework.test.context.support.DependencyInjectionTestExecutionListener@502819] to prepare test instance [JpaTest@78aa80]
Caller+0	 at org.springframework.test.context.TestContextManager.prepareTestInstance(TestContextManager.java:322)
Caller+1	 at org.springframework.test.context.junit4.SpringJUnit4ClassRunner.createTest(SpringJUnit4ClassRunner.java:212)
Caller+2	 at org.springframework.test.context.junit4.SpringJUnit4ClassRunner$1.runReflectiveCall(SpringJUnit4ClassRunner.java:289)
Caller+3	 at org.junit.internal.runners.model.ReflectiveCallable.run(ReflectiveCallable.java:15)
Caller+4	 at org.springframework.test.context.junit4.SpringJUnit4ClassRunner.methodBlock(SpringJUnit4ClassRunner.java:291)
java.lang.IllegalStateException: Failed to load ApplicationContext
	at org.springframework.test.context.CacheAwareContextLoaderDelegate.loadContext(CacheAwareContextLoaderDelegate.java:99) ~[spring-test-4.0.2.RELEASE.jar:4.0.2.RELEASE]
	at org.springframework.test.context.DefaultTestContext.getApplicationContext(DefaultTestContext.java:101) ~[spring-test-4.0.2.RELEASE.jar:4.0.2.RELEASE]
	at org.springframework.test.context.support.DependencyInjectionTestExecutionListener.injectDependencies(DependencyInjectionTestExecutionListener.java:109) ~[spring-test-4.0.2.RELEASE.jar:4.0.2.RELEASE]
	at org.springframework.test.context.support.DependencyInjectionTestExecutionListener.prepareTestInstance(DependencyInjectionTestExecutionListener.java:75) ~[spring-test-4.0.2.RELEASE.jar:4.0.2.RELEASE]
	at org.springframework.test.context.TestContextManager.prepareTestInstance(TestContextManager.java:319) ~[spring-test-4.0.2.RELEASE.jar:4.0.2.RELEASE]
	at org.springframework.test.context.junit4.SpringJUnit4ClassRunner.createTest(SpringJUnit4ClassRunner.java:212) [spring-test-4.0.2.RELEASE.jar:4.0.2.RELEASE]
	at org.springframework.test.context.junit4.SpringJUnit4ClassRunner$1.runReflectiveCall(SpringJUnit4ClassRunner.java:289) [spring-test-4.0.2.RELEASE.jar:4.0.2.RELEASE]
	at org.junit.internal.runners.model.ReflectiveCallable.run(ReflectiveCallable.java:15) [junit.jar:na]
	at org.springframework.test.context.junit4.SpringJUnit4ClassRunner.methodBlock(SpringJUnit4ClassRunner.java:291) [spring-test-4.0.2.RELEASE.jar:4.0.2.RELEASE]
	at org.springframework.test.context.junit4.SpringJUnit4ClassRunner.runChild(SpringJUnit4ClassRunner.java:232) [spring-test-4.0.2.RELEASE.jar:4.0.2.RELEASE]
	at org.springframework.test.context.junit4.SpringJUnit4ClassRunner.runChild(SpringJUnit4ClassRunner.java:89) [spring-test-4.0.2.RELEASE.jar:4.0.2.RELEASE]
	at org.junit.runners.ParentRunner$3.run(ParentRunner.java:231) [junit.jar:na]
	at org.junit.runners.ParentRunner$1.schedule(ParentRunner.java:60) [junit.jar:na]
	at org.junit.runners.ParentRunner.runChildren(ParentRunner.java:229) [junit.jar:na]
	at org.junit.runners.ParentRunner.access$000(ParentRunner.java:50) [junit.jar:na]
	at org.junit.runners.ParentRunner$2.evaluate(ParentRunner.java:222) [junit.jar:na]
	at org.springframework.test.context.junit4.statements.RunBeforeTestClassCallbacks.evaluate(RunBeforeTestClassCallbacks.java:61) [spring-test-4.0.2.RELEASE.jar:4.0.2.RELEASE]
	at org.springframework.test.context.junit4.statements.RunAfterTestClassCallbacks.evaluate(RunAfterTestClassCallbacks.java:71) [spring-test-4.0.2.RELEASE.jar:4.0.2.RELEASE]
	at org.junit.runners.ParentRunner.run(ParentRunner.java:300) [junit.jar:na]
	at org.springframework.test.context.junit4.SpringJUnit4ClassRunner.run(SpringJUnit4ClassRunner.java:175) [spring-test-4.0.2.RELEASE.jar:4.0.2.RELEASE]
	at org.eclipse.jdt.internal.junit4.runner.JUnit4TestReference.run(JUnit4TestReference.java:50) [.cp/:na]
	at org.eclipse.jdt.internal.junit.runner.TestExecution.run(TestExecution.java:38) [.cp/:na]
	at org.eclipse.jdt.internal.junit.runner.RemoteTestRunner.runTests(RemoteTestRunner.java:467) [.cp/:na]
	at org.eclipse.jdt.internal.junit.runner.RemoteTestRunner.runTests(RemoteTestRunner.java:683) [.cp/:na]
	at org.eclipse.jdt.internal.junit.runner.RemoteTestRunner.run(RemoteTestRunner.java:390) [.cp/:na]
	at org.eclipse.jdt.internal.junit.runner.RemoteTestRunner.main(RemoteTestRunner.java:197) [.cp/:na]
Caused by: org.springframework.beans.factory.BeanCreationException: Error creating bean with name 'mainConfig': Instantiation of bean failed; nested exception is org.springframework.beans.BeanInstantiationException: Could not instantiate bean class [com.tcl.car.config.MainConfig$$EnhancerBySpringCGLIB$$ab3b6598]: Constructor threw exception; nested exception is java.lang.Error: Unresolved compilation problem: 
	The import com.tcl.craiglist.service.CraiglistCrawler cannot be resolved

	at org.springframework.beans.factory.support.AbstractAutowireCapableBeanFactory.instantiateBean(AbstractAutowireCapableBeanFactory.java:1076) ~[spring-beans-4.0.2.RELEASE.jar:4.0.2.RELEASE]
	at org.springframework.beans.factory.support.AbstractAutowireCapableBeanFactory.createBeanInstance(AbstractAutowireCapableBeanFactory.java:1021) ~[spring-beans-4.0.2.RELEASE.jar:4.0.2.RELEASE]
	at org.springframework.beans.factory.support.AbstractAutowireCapableBeanFactory.doCreateBean(AbstractAutowireCapableBeanFactory.java:504) ~[spring-beans-4.0.2.RELEASE.jar:4.0.2.RELEASE]
	at org.springframework.beans.factory.support.AbstractAutowireCapableBeanFactory.createBean(AbstractAutowireCapableBeanFactory.java:475) ~[spring-beans-4.0.2.RELEASE.jar:4.0.2.RELEASE]
	at org.springframework.beans.factory.support.AbstractBeanFactory$1.getObject(AbstractBeanFactory.java:304) ~[spring-beans-4.0.2.RELEASE.jar:4.0.2.RELEASE]
	at org.springframework.beans.factory.support.DefaultSingletonBeanRegistry.getSingleton(DefaultSingletonBeanRegistry.java:228) ~[spring-beans-4.0.2.RELEASE.jar:4.0.2.RELEASE]
	at org.springframework.beans.factory.support.AbstractBeanFactory.doGetBean(AbstractBeanFactory.java:300) ~[spring-beans-4.0.2.RELEASE.jar:4.0.2.RELEASE]
	at org.springframework.beans.factory.support.AbstractBeanFactory.getBean(AbstractBeanFactory.java:195) ~[spring-beans-4.0.2.RELEASE.jar:4.0.2.RELEASE]
	at org.springframework.beans.factory.support.DefaultListableBeanFactory.preInstantiateSingletons(DefaultListableBeanFactory.java:700) ~[spring-beans-4.0.2.RELEASE.jar:4.0.2.RELEASE]
	at org.springframework.context.support.AbstractApplicationContext.finishBeanFactoryInitialization(AbstractApplicationContext.java:760) ~[spring-context-4.0.2.RELEASE.jar:4.0.2.RELEASE]
	at org.springframework.context.support.AbstractApplicationContext.refresh(AbstractApplicationContext.java:482) ~[spring-context-4.0.2.RELEASE.jar:4.0.2.RELEASE]
	at org.springframework.test.context.support.AbstractGenericContextLoader.loadContext(AbstractGenericContextLoader.java:121) ~[spring-test-4.0.2.RELEASE.jar:4.0.2.RELEASE]
	at org.springframework.test.context.support.AbstractGenericContextLoader.loadContext(AbstractGenericContextLoader.java:60) ~[spring-test-4.0.2.RELEASE.jar:4.0.2.RELEASE]
	at org.springframework.test.context.CacheAwareContextLoaderDelegate.loadContextInternal(CacheAwareContextLoaderDelegate.java:64) ~[spring-test-4.0.2.RELEASE.jar:4.0.2.RELEASE]
	at org.springframework.test.context.CacheAwareContextLoaderDelegate.loadContext(CacheAwareContextLoaderDelegate.java:91) ~[spring-test-4.0.2.RELEASE.jar:4.0.2.RELEASE]
	... 25 common frames omitted
Caused by: org.springframework.beans.BeanInstantiationException: Could not instantiate bean class [com.tcl.car.config.MainConfig$$EnhancerBySpringCGLIB$$ab3b6598]: Constructor threw exception; nested exception is java.lang.Error: Unresolved compilation problem: 
	The import com.tcl.craiglist.service.CraiglistCrawler cannot be resolved

	at org.springframework.beans.BeanUtils.instantiateClass(BeanUtils.java:164) ~[spring-beans-4.0.2.RELEASE.jar:4.0.2.RELEASE]
	at org.springframework.beans.factory.support.SimpleInstantiationStrategy.instantiate(SimpleInstantiationStrategy.java:89) ~[spring-beans-4.0.2.RELEASE.jar:4.0.2.RELEASE]
	at org.springframework.beans.factory.support.AbstractAutowireCapableBeanFactory.instantiateBean(AbstractAutowireCapableBeanFactory.java:1069) ~[spring-beans-4.0.2.RELEASE.jar:4.0.2.RELEASE]
	... 39 common frames omitted
Caused by: java.lang.Error: Unresolved compilation problem: 
	The import com.tcl.craiglist.service.CraiglistCrawler cannot be resolved

	at com.tcl.car.config.MainConfig.<init>(MainConfig.java:37) ~[classes/:na]
	at com.tcl.car.config.MainConfig$$EnhancerBySpringCGLIB$$ab3b6598.<init>(<generated>) ~[spring-core-4.0.2.RELEASE.jar:na]
	at sun.reflect.NativeConstructorAccessorImpl.newInstance0(Native Method) ~[na:1.6.0]
	at sun.reflect.NativeConstructorAccessorImpl.newInstance(NativeConstructorAccessorImpl.java:39) ~[na:1.6.0]
	at sun.reflect.DelegatingConstructorAccessorImpl.newInstance(DelegatingConstructorAccessorImpl.java:27) ~[na:1.6.0]
	at java.lang.reflect.Constructor.newInstance(Constructor.java:513) ~[na:1.6.0]
	at org.springframework.beans.BeanUtils.instantiateClass(BeanUtils.java:148) ~[spring-beans-4.0.2.RELEASE.jar:4.0.2.RELEASE]
	... 41 common frames omitted
17:50:51 INFO  [o.s.c.s.GenericApplicationContext] Refreshing org.springframework.context.support.GenericApplicationContext@281d4b: startup date [Thu Aug 14 17:50:51 EDT 2014]; root of context hierarchy
Caller+0	 at org.springframework.context.support.AbstractApplicationContext.prepareRefresh(AbstractApplicationContext.java:513)
Caller+1	 at org.springframework.context.support.AbstractApplicationContext.refresh(AbstractApplicationContext.java:451)
Caller+2	 at org.springframework.test.context.support.AbstractGenericContextLoader.loadContext(AbstractGenericContextLoader.java:121)
Caller+3	 at org.springframework.test.context.support.AbstractGenericContextLoader.loadContext(AbstractGenericContextLoader.java:60)
Caller+4	 at org.springframework.test.context.CacheAwareContextLoaderDelegate.loadContextInternal(CacheAwareContextLoaderDelegate.java:64)
17:50:52 INFO  [o.s.b.f.a.AutowiredAnnotationBeanPostProcessor] JSR-330 'javax.inject.Inject' annotation found and supported for autowiring
Caller+0	 at org.springframework.beans.factory.annotation.AutowiredAnnotationBeanPostProcessor.<init>(AutowiredAnnotationBeanPostProcessor.java:141)
Caller+1	 at sun.reflect.NativeConstructorAccessorImpl.newInstance0(Native Method)
Caller+2	 at sun.reflect.NativeConstructorAccessorImpl.newInstance(NativeConstructorAccessorImpl.java:39)
Caller+3	 at sun.reflect.DelegatingConstructorAccessorImpl.newInstance(DelegatingConstructorAccessorImpl.java:27)
Caller+4	 at java.lang.reflect.Constructor.newInstance(Constructor.java:513)
17:50:52 INFO  [o.s.c.s.PostProcessorRegistrationDelegate$BeanPostProcessorChecker] Bean 'org.springframework.scheduling.annotation.SchedulingConfiguration' of type [class org.springframework.scheduling.annotation.SchedulingConfiguration$$EnhancerBySpringCGLIB$$6691476f] is not eligible for getting processed by all BeanPostProcessors (for example: not eligible for auto-proxying)
Caller+0	 at org.springframework.context.support.PostProcessorRegistrationDelegate$BeanPostProcessorChecker.postProcessAfterInitialization(PostProcessorRegistrationDelegate.java:309)
Caller+1	 at org.springframework.beans.factory.support.AbstractAutowireCapableBeanFactory.applyBeanPostProcessorsAfterInitialization(AbstractAutowireCapableBeanFactory.java:421)
Caller+2	 at org.springframework.beans.factory.support.AbstractAutowireCapableBeanFactory.initializeBean(AbstractAutowireCapableBeanFactory.java:1558)
Caller+3	 at org.springframework.beans.factory.support.AbstractAutowireCapableBeanFactory.doCreateBean(AbstractAutowireCapableBeanFactory.java:539)
Caller+4	 at org.springframework.beans.factory.support.AbstractAutowireCapableBeanFactory.createBean(AbstractAutowireCapableBeanFactory.java:475)
17:50:52 DEBUG [org.jboss.logging             ] Logging Provider: org.jboss.logging.Slf4jLoggerProvider
Caller+0	 at org.jboss.logging.LoggerProviders.find(LoggerProviders.java:33)
Caller+1	 at org.jboss.logging.LoggerProviders.<clinit>(LoggerProviders.java:28)
Caller+2	 at org.jboss.logging.Logger.getLogger(Logger.java:2163)
Caller+3	 at org.jboss.logging.Logger.getLogger(Logger.java:2188)
Caller+4	 at org.hibernate.jpa.HibernatePersistenceProvider.<clinit>(HibernatePersistenceProvider.java:53)
17:50:53 INFO  [o.s.j.d.DriverManagerDataSource] Loaded JDBC driver: com.mysql.jdbc.Driver
Caller+0	 at org.springframework.jdbc.datasource.DriverManagerDataSource.setDriverClassName(DriverManagerDataSource.java:153)
Caller+1	 at com.tcl.car.config.MainConfig.mySqlDataSource(MainConfig.java:52)
Caller+2	 at com.tcl.car.config.MainConfig.carEntityManagerFactory(MainConfig.java:87)
Caller+3	 at com.tcl.car.config.MainConfig$$EnhancerBySpringCGLIB$$71920508.CGLIB$carEntityManagerFactory$1(<generated>)
Caller+4	 at com.tcl.car.config.MainConfig$$EnhancerBySpringCGLIB$$71920508$$FastClassBySpringCGLIB$$836edf4a.invoke(<generated>)
17:50:53 INFO  [o.s.o.j.LocalContainerEntityManagerFactoryBean] Building JPA container EntityManagerFactory for persistence unit 'default'
Caller+0	 at org.springframework.orm.jpa.LocalContainerEntityManagerFactoryBean.createNativeEntityManagerFactory(LocalContainerEntityManagerFactoryBean.java:287)
Caller+1	 at org.springframework.orm.jpa.AbstractEntityManagerFactoryBean.afterPropertiesSet(AbstractEntityManagerFactoryBean.java:310)
Caller+2	 at com.tcl.car.config.MainConfig.carEntityManagerFactory(MainConfig.java:90)
Caller+3	 at com.tcl.car.config.MainConfig$$EnhancerBySpringCGLIB$$71920508.CGLIB$carEntityManagerFactory$1(<generated>)
Caller+4	 at com.tcl.car.config.MainConfig$$EnhancerBySpringCGLIB$$71920508$$FastClassBySpringCGLIB$$836edf4a.invoke(<generated>)
17:50:53 WARN  [o.h.ejb.HibernatePersistence  ] HHH015016: Encountered a deprecated javax.persistence.spi.PersistenceProvider [org.hibernate.ejb.HibernatePersistence]; use [org.hibernate.jpa.HibernatePersistenceProvider] instead.
Caller+0	 at org.hibernate.ejb.HibernatePersistence.logDeprecation(HibernatePersistence.java:58)
Caller+1	 at org.hibernate.ejb.HibernatePersistence.createContainerEntityManagerFactory(HibernatePersistence.java:66)
Caller+2	 at org.springframework.orm.jpa.LocalContainerEntityManagerFactoryBean.createNativeEntityManagerFactory(LocalContainerEntityManagerFactoryBean.java:290)
Caller+3	 at org.springframework.orm.jpa.AbstractEntityManagerFactoryBean.afterPropertiesSet(AbstractEntityManagerFactoryBean.java:310)
Caller+4	 at com.tcl.car.config.MainConfig.carEntityManagerFactory(MainConfig.java:90)
17:50:54 INFO  [o.h.j.internal.util.LogHelper ] HHH000204: Processing PersistenceUnitInfo [
	name: default
	...]
Caller+0	 at org.hibernate.jpa.internal.util.LogHelper.logPersistenceUnitInformation(LogHelper.java:46)
Caller+1	 at org.hibernate.jpa.boot.internal.EntityManagerFactoryBuilderImpl.<init>(EntityManagerFactoryBuilderImpl.java:194)
Caller+2	 at org.hibernate.jpa.boot.internal.EntityManagerFactoryBuilderImpl.<init>(EntityManagerFactoryBuilderImpl.java:186)
Caller+3	 at org.hibernate.jpa.boot.spi.Bootstrap.getEntityManagerFactoryBuilder(Bootstrap.java:45)
Caller+4	 at org.hibernate.jpa.boot.spi.Bootstrap.getEntityManagerFactoryBuilder(Bootstrap.java:57)
17:50:56 INFO  [org.hibernate.Version         ] HHH000412: Hibernate Core {4.3.4.Final}
Caller+0	 at org.hibernate.Version.logVersion(Version.java:54)
Caller+1	 at org.hibernate.cfg.Environment.<clinit>(Environment.java:207)
Caller+2	 at org.hibernate.boot.registry.StandardServiceRegistryBuilder.<init>(StandardServiceRegistryBuilder.java:80)
Caller+3	 at org.hibernate.jpa.boot.internal.EntityManagerFactoryBuilderImpl.<init>(EntityManagerFactoryBuilderImpl.java:208)
Caller+4	 at org.hibernate.jpa.boot.internal.EntityManagerFactoryBuilderImpl.<init>(EntityManagerFactoryBuilderImpl.java:186)
17:50:56 INFO  [org.hibernate.cfg.Environment ] HHH000206: hibernate.properties not found
Caller+0	 at org.hibernate.cfg.Environment.<clinit>(Environment.java:239)
Caller+1	 at org.hibernate.boot.registry.StandardServiceRegistryBuilder.<init>(StandardServiceRegistryBuilder.java:80)
Caller+2	 at org.hibernate.jpa.boot.internal.EntityManagerFactoryBuilderImpl.<init>(EntityManagerFactoryBuilderImpl.java:208)
Caller+3	 at org.hibernate.jpa.boot.internal.EntityManagerFactoryBuilderImpl.<init>(EntityManagerFactoryBuilderImpl.java:186)
Caller+4	 at org.hibernate.jpa.boot.spi.Bootstrap.getEntityManagerFactoryBuilder(Bootstrap.java:45)
17:50:56 INFO  [org.hibernate.cfg.Environment ] HHH000021: Bytecode provider name : javassist
Caller+0	 at org.hibernate.cfg.Environment.buildBytecodeProvider(Environment.java:346)
Caller+1	 at org.hibernate.cfg.Environment.<clinit>(Environment.java:265)
Caller+2	 at org.hibernate.boot.registry.StandardServiceRegistryBuilder.<init>(StandardServiceRegistryBuilder.java:80)
Caller+3	 at org.hibernate.jpa.boot.internal.EntityManagerFactoryBuilderImpl.<init>(EntityManagerFactoryBuilderImpl.java:208)
Caller+4	 at org.hibernate.jpa.boot.internal.EntityManagerFactoryBuilderImpl.<init>(EntityManagerFactoryBuilderImpl.java:186)
17:50:58 INFO  [o.h.annotations.common.Version] HCANN000001: Hibernate Commons Annotations {4.0.4.Final}
Caller+0	 at org.hibernate.annotations.common.reflection.java.JavaReflectionManager.<clinit>(JavaReflectionManager.java:66)
Caller+1	 at org.hibernate.cfg.Configuration.createReflectionManager(Configuration.java:2547)
Caller+2	 at org.hibernate.cfg.Configuration.createReflectionManager(Configuration.java:2543)
Caller+3	 at org.hibernate.cfg.Configuration.reset(Configuration.java:298)
Caller+4	 at org.hibernate.cfg.Configuration.<init>(Configuration.java:289)
17:50:59 INFO  [org.hibernate.dialect.Dialect ] HHH000400: Using dialect: org.hibernate.dialect.MySQLDialect
Caller+0	 at org.hibernate.dialect.Dialect.<init>(Dialect.java:145)
Caller+1	 at org.hibernate.dialect.MySQLDialect.<init>(MySQLDialect.java:55)
Caller+2	 at sun.reflect.NativeConstructorAccessorImpl.newInstance0(Native Method)
Caller+3	 at sun.reflect.NativeConstructorAccessorImpl.newInstance(NativeConstructorAccessorImpl.java:39)
Caller+4	 at sun.reflect.DelegatingConstructorAccessorImpl.newInstance(DelegatingConstructorAccessorImpl.java:27)
17:50:59 INFO  [o.h.h.i.a.ASTQueryTranslatorFactory] HHH000397: Using ASTQueryTranslatorFactory
Caller+0	 at org.hibernate.hql.internal.ast.ASTQueryTranslatorFactory.<init>(ASTQueryTranslatorFactory.java:47)
Caller+1	 at sun.reflect.NativeConstructorAccessorImpl.newInstance0(Native Method)
Caller+2	 at sun.reflect.NativeConstructorAccessorImpl.newInstance(NativeConstructorAccessorImpl.java:39)
Caller+3	 at sun.reflect.DelegatingConstructorAccessorImpl.newInstance(DelegatingConstructorAccessorImpl.java:27)
Caller+4	 at java.lang.reflect.Constructor.newInstance(Constructor.java:513)
17:51:00 INFO  [o.h.tool.hbm2ddl.SchemaUpdate ] HHH000228: Running hbm2ddl schema update
Caller+0	 at org.hibernate.tool.hbm2ddl.SchemaUpdate.execute(SchemaUpdate.java:182)
Caller+1	 at org.hibernate.tool.hbm2ddl.SchemaUpdate.execute(SchemaUpdate.java:178)
Caller+2	 at org.hibernate.internal.SessionFactoryImpl.<init>(SessionFactoryImpl.java:522)
Caller+3	 at org.hibernate.cfg.Configuration.buildSessionFactory(Configuration.java:1857)
Caller+4	 at org.hibernate.jpa.boot.internal.EntityManagerFactoryBuilderImpl$4.perform(EntityManagerFactoryBuilderImpl.java:850)
17:51:00 INFO  [o.h.tool.hbm2ddl.SchemaUpdate ] HHH000102: Fetching database metadata
Caller+0	 at org.hibernate.tool.hbm2ddl.SchemaUpdate.execute(SchemaUpdate.java:193)
Caller+1	 at org.hibernate.tool.hbm2ddl.SchemaUpdate.execute(SchemaUpdate.java:178)
Caller+2	 at org.hibernate.internal.SessionFactoryImpl.<init>(SessionFactoryImpl.java:522)
Caller+3	 at org.hibernate.cfg.Configuration.buildSessionFactory(Configuration.java:1857)
Caller+4	 at org.hibernate.jpa.boot.internal.EntityManagerFactoryBuilderImpl$4.perform(EntityManagerFactoryBuilderImpl.java:850)
17:51:00 INFO  [o.h.tool.hbm2ddl.SchemaUpdate ] HHH000396: Updating schema
Caller+0	 at org.hibernate.tool.hbm2ddl.SchemaUpdate.execute(SchemaUpdate.java:205)
Caller+1	 at org.hibernate.tool.hbm2ddl.SchemaUpdate.execute(SchemaUpdate.java:178)
Caller+2	 at org.hibernate.internal.SessionFactoryImpl.<init>(SessionFactoryImpl.java:522)
Caller+3	 at org.hibernate.cfg.Configuration.buildSessionFactory(Configuration.java:1857)
Caller+4	 at org.hibernate.jpa.boot.internal.EntityManagerFactoryBuilderImpl$4.perform(EntityManagerFactoryBuilderImpl.java:850)
17:51:01 INFO  [o.h.tool.hbm2ddl.TableMetadata] HHH000261: Table found: craiglist.privatepreownercar
Caller+0	 at org.hibernate.tool.hbm2ddl.TableMetadata.<init>(TableMetadata.java:66)
Caller+1	 at org.hibernate.tool.hbm2ddl.DatabaseMetadata.getTableMetadata(DatabaseMetadata.java:141)
Caller+2	 at org.hibernate.cfg.Configuration.generateSchemaUpdateScriptList(Configuration.java:1202)
Caller+3	 at org.hibernate.tool.hbm2ddl.SchemaUpdate.execute(SchemaUpdate.java:212)
Caller+4	 at org.hibernate.tool.hbm2ddl.SchemaUpdate.execute(SchemaUpdate.java:178)
17:51:01 INFO  [o.h.tool.hbm2ddl.TableMetadata] HHH000037: Columns: [postdate, titlestatus, text, model, mileage, pnr, buystatus, makeyear, searchdate, transmission, url, id, source, color, vin, autofueltype, carcondition, selldate, sellprice, make]
Caller+0	 at org.hibernate.tool.hbm2ddl.TableMetadata.<init>(TableMetadata.java:67)
Caller+1	 at org.hibernate.tool.hbm2ddl.DatabaseMetadata.getTableMetadata(DatabaseMetadata.java:141)
Caller+2	 at org.hibernate.cfg.Configuration.generateSchemaUpdateScriptList(Configuration.java:1202)
Caller+3	 at org.hibernate.tool.hbm2ddl.SchemaUpdate.execute(SchemaUpdate.java:212)
Caller+4	 at org.hibernate.tool.hbm2ddl.SchemaUpdate.execute(SchemaUpdate.java:178)
17:51:01 INFO  [o.h.tool.hbm2ddl.TableMetadata] HHH000108: Foreign keys: []
Caller+0	 at org.hibernate.tool.hbm2ddl.TableMetadata.<init>(TableMetadata.java:69)
Caller+1	 at org.hibernate.tool.hbm2ddl.DatabaseMetadata.getTableMetadata(DatabaseMetadata.java:141)
Caller+2	 at org.hibernate.cfg.Configuration.generateSchemaUpdateScriptList(Configuration.java:1202)
Caller+3	 at org.hibernate.tool.hbm2ddl.SchemaUpdate.execute(SchemaUpdate.java:212)
Caller+4	 at org.hibernate.tool.hbm2ddl.SchemaUpdate.execute(SchemaUpdate.java:178)
17:51:01 INFO  [o.h.tool.hbm2ddl.TableMetadata] HHH000126: Indexes: [primary]
Caller+0	 at org.hibernate.tool.hbm2ddl.TableMetadata.<init>(TableMetadata.java:70)
Caller+1	 at org.hibernate.tool.hbm2ddl.DatabaseMetadata.getTableMetadata(DatabaseMetadata.java:141)
Caller+2	 at org.hibernate.cfg.Configuration.generateSchemaUpdateScriptList(Configuration.java:1202)
Caller+3	 at org.hibernate.tool.hbm2ddl.SchemaUpdate.execute(SchemaUpdate.java:212)
Caller+4	 at org.hibernate.tool.hbm2ddl.SchemaUpdate.execute(SchemaUpdate.java:178)
17:51:01 INFO  [o.h.tool.hbm2ddl.SchemaUpdate ] HHH000232: Schema update complete
Caller+0	 at org.hibernate.tool.hbm2ddl.SchemaUpdate.execute(SchemaUpdate.java:242)
Caller+1	 at org.hibernate.tool.hbm2ddl.SchemaUpdate.execute(SchemaUpdate.java:178)
Caller+2	 at org.hibernate.internal.SessionFactoryImpl.<init>(SessionFactoryImpl.java:522)
Caller+3	 at org.hibernate.cfg.Configuration.buildSessionFactory(Configuration.java:1857)
Caller+4	 at org.hibernate.jpa.boot.internal.EntityManagerFactoryBuilderImpl$4.perform(EntityManagerFactoryBuilderImpl.java:850)
17:51:02 INFO  [o.s.j.d.DriverManagerDataSource] Loaded JDBC driver: com.mysql.jdbc.Driver
Caller+0	 at org.springframework.jdbc.datasource.DriverManagerDataSource.setDriverClassName(DriverManagerDataSource.java:153)
Caller+1	 at com.tcl.car.config.MainConfig.mySqlDataSource(MainConfig.java:52)
Caller+2	 at com.tcl.car.config.MainConfig.rautoJdbcTemplate(MainConfig.java:71)
Caller+3	 at com.tcl.car.config.MainConfig$$EnhancerBySpringCGLIB$$71920508.CGLIB$rautoJdbcTemplate$0(<generated>)
Caller+4	 at com.tcl.car.config.MainConfig$$EnhancerBySpringCGLIB$$71920508$$FastClassBySpringCGLIB$$836edf4a.invoke(<generated>)
17:59:31 INFO  [o.s.c.s.GenericApplicationContext] Refreshing org.springframework.context.support.GenericApplicationContext@281d4b: startup date [Thu Aug 14 17:59:31 EDT 2014]; root of context hierarchy
Caller+0	 at org.springframework.context.support.AbstractApplicationContext.prepareRefresh(AbstractApplicationContext.java:513)
Caller+1	 at org.springframework.context.support.AbstractApplicationContext.refresh(AbstractApplicationContext.java:451)
Caller+2	 at org.springframework.test.context.support.AbstractGenericContextLoader.loadContext(AbstractGenericContextLoader.java:121)
Caller+3	 at org.springframework.test.context.support.AbstractGenericContextLoader.loadContext(AbstractGenericContextLoader.java:60)
Caller+4	 at org.springframework.test.context.CacheAwareContextLoaderDelegate.loadContextInternal(CacheAwareContextLoaderDelegate.java:64)
17:59:32 INFO  [o.s.b.f.a.AutowiredAnnotationBeanPostProcessor] JSR-330 'javax.inject.Inject' annotation found and supported for autowiring
Caller+0	 at org.springframework.beans.factory.annotation.AutowiredAnnotationBeanPostProcessor.<init>(AutowiredAnnotationBeanPostProcessor.java:141)
Caller+1	 at sun.reflect.NativeConstructorAccessorImpl.newInstance0(Native Method)
Caller+2	 at sun.reflect.NativeConstructorAccessorImpl.newInstance(NativeConstructorAccessorImpl.java:39)
Caller+3	 at sun.reflect.DelegatingConstructorAccessorImpl.newInstance(DelegatingConstructorAccessorImpl.java:27)
Caller+4	 at java.lang.reflect.Constructor.newInstance(Constructor.java:513)
17:59:32 INFO  [o.s.c.s.PostProcessorRegistrationDelegate$BeanPostProcessorChecker] Bean 'org.springframework.scheduling.annotation.SchedulingConfiguration' of type [class org.springframework.scheduling.annotation.SchedulingConfiguration$$EnhancerBySpringCGLIB$$6691476f] is not eligible for getting processed by all BeanPostProcessors (for example: not eligible for auto-proxying)
Caller+0	 at org.springframework.context.support.PostProcessorRegistrationDelegate$BeanPostProcessorChecker.postProcessAfterInitialization(PostProcessorRegistrationDelegate.java:309)
Caller+1	 at org.springframework.beans.factory.support.AbstractAutowireCapableBeanFactory.applyBeanPostProcessorsAfterInitialization(AbstractAutowireCapableBeanFactory.java:421)
Caller+2	 at org.springframework.beans.factory.support.AbstractAutowireCapableBeanFactory.initializeBean(AbstractAutowireCapableBeanFactory.java:1558)
Caller+3	 at org.springframework.beans.factory.support.AbstractAutowireCapableBeanFactory.doCreateBean(AbstractAutowireCapableBeanFactory.java:539)
Caller+4	 at org.springframework.beans.factory.support.AbstractAutowireCapableBeanFactory.createBean(AbstractAutowireCapableBeanFactory.java:475)
17:59:32 DEBUG [org.jboss.logging             ] Logging Provider: org.jboss.logging.Slf4jLoggerProvider
Caller+0	 at org.jboss.logging.LoggerProviders.find(LoggerProviders.java:33)
Caller+1	 at org.jboss.logging.LoggerProviders.<clinit>(LoggerProviders.java:28)
Caller+2	 at org.jboss.logging.Logger.getLogger(Logger.java:2163)
Caller+3	 at org.jboss.logging.Logger.getLogger(Logger.java:2188)
Caller+4	 at org.hibernate.jpa.HibernatePersistenceProvider.<clinit>(HibernatePersistenceProvider.java:53)
17:59:33 INFO  [o.s.j.d.DriverManagerDataSource] Loaded JDBC driver: com.mysql.jdbc.Driver
Caller+0	 at org.springframework.jdbc.datasource.DriverManagerDataSource.setDriverClassName(DriverManagerDataSource.java:153)
Caller+1	 at com.tcl.car.config.MainConfig.mySqlDataSource(MainConfig.java:52)
Caller+2	 at com.tcl.car.config.MainConfig.carEntityManagerFactory(MainConfig.java:87)
Caller+3	 at com.tcl.car.config.MainConfig$$EnhancerBySpringCGLIB$$71920508.CGLIB$carEntityManagerFactory$1(<generated>)
Caller+4	 at com.tcl.car.config.MainConfig$$EnhancerBySpringCGLIB$$71920508$$FastClassBySpringCGLIB$$836edf4a.invoke(<generated>)
17:59:33 INFO  [o.s.o.j.LocalContainerEntityManagerFactoryBean] Building JPA container EntityManagerFactory for persistence unit 'default'
Caller+0	 at org.springframework.orm.jpa.LocalContainerEntityManagerFactoryBean.createNativeEntityManagerFactory(LocalContainerEntityManagerFactoryBean.java:287)
Caller+1	 at org.springframework.orm.jpa.AbstractEntityManagerFactoryBean.afterPropertiesSet(AbstractEntityManagerFactoryBean.java:310)
Caller+2	 at com.tcl.car.config.MainConfig.carEntityManagerFactory(MainConfig.java:90)
Caller+3	 at com.tcl.car.config.MainConfig$$EnhancerBySpringCGLIB$$71920508.CGLIB$carEntityManagerFactory$1(<generated>)
Caller+4	 at com.tcl.car.config.MainConfig$$EnhancerBySpringCGLIB$$71920508$$FastClassBySpringCGLIB$$836edf4a.invoke(<generated>)
17:59:33 WARN  [o.h.ejb.HibernatePersistence  ] HHH015016: Encountered a deprecated javax.persistence.spi.PersistenceProvider [org.hibernate.ejb.HibernatePersistence]; use [org.hibernate.jpa.HibernatePersistenceProvider] instead.
Caller+0	 at org.hibernate.ejb.HibernatePersistence.logDeprecation(HibernatePersistence.java:58)
Caller+1	 at org.hibernate.ejb.HibernatePersistence.createContainerEntityManagerFactory(HibernatePersistence.java:66)
Caller+2	 at org.springframework.orm.jpa.LocalContainerEntityManagerFactoryBean.createNativeEntityManagerFactory(LocalContainerEntityManagerFactoryBean.java:290)
Caller+3	 at org.springframework.orm.jpa.AbstractEntityManagerFactoryBean.afterPropertiesSet(AbstractEntityManagerFactoryBean.java:310)
Caller+4	 at com.tcl.car.config.MainConfig.carEntityManagerFactory(MainConfig.java:90)
17:59:33 INFO  [o.h.j.internal.util.LogHelper ] HHH000204: Processing PersistenceUnitInfo [
	name: default
	...]
Caller+0	 at org.hibernate.jpa.internal.util.LogHelper.logPersistenceUnitInformation(LogHelper.java:46)
Caller+1	 at org.hibernate.jpa.boot.internal.EntityManagerFactoryBuilderImpl.<init>(EntityManagerFactoryBuilderImpl.java:194)
Caller+2	 at org.hibernate.jpa.boot.internal.EntityManagerFactoryBuilderImpl.<init>(EntityManagerFactoryBuilderImpl.java:186)
Caller+3	 at org.hibernate.jpa.boot.spi.Bootstrap.getEntityManagerFactoryBuilder(Bootstrap.java:45)
Caller+4	 at org.hibernate.jpa.boot.spi.Bootstrap.getEntityManagerFactoryBuilder(Bootstrap.java:57)
17:59:33 INFO  [org.hibernate.Version         ] HHH000412: Hibernate Core {4.3.4.Final}
Caller+0	 at org.hibernate.Version.logVersion(Version.java:54)
Caller+1	 at org.hibernate.cfg.Environment.<clinit>(Environment.java:207)
Caller+2	 at org.hibernate.boot.registry.StandardServiceRegistryBuilder.<init>(StandardServiceRegistryBuilder.java:80)
Caller+3	 at org.hibernate.jpa.boot.internal.EntityManagerFactoryBuilderImpl.<init>(EntityManagerFactoryBuilderImpl.java:208)
Caller+4	 at org.hibernate.jpa.boot.internal.EntityManagerFactoryBuilderImpl.<init>(EntityManagerFactoryBuilderImpl.java:186)
17:59:33 INFO  [org.hibernate.cfg.Environment ] HHH000206: hibernate.properties not found
Caller+0	 at org.hibernate.cfg.Environment.<clinit>(Environment.java:239)
Caller+1	 at org.hibernate.boot.registry.StandardServiceRegistryBuilder.<init>(StandardServiceRegistryBuilder.java:80)
Caller+2	 at org.hibernate.jpa.boot.internal.EntityManagerFactoryBuilderImpl.<init>(EntityManagerFactoryBuilderImpl.java:208)
Caller+3	 at org.hibernate.jpa.boot.internal.EntityManagerFactoryBuilderImpl.<init>(EntityManagerFactoryBuilderImpl.java:186)
Caller+4	 at org.hibernate.jpa.boot.spi.Bootstrap.getEntityManagerFactoryBuilder(Bootstrap.java:45)
17:59:33 INFO  [org.hibernate.cfg.Environment ] HHH000021: Bytecode provider name : javassist
Caller+0	 at org.hibernate.cfg.Environment.buildBytecodeProvider(Environment.java:346)
Caller+1	 at org.hibernate.cfg.Environment.<clinit>(Environment.java:265)
Caller+2	 at org.hibernate.boot.registry.StandardServiceRegistryBuilder.<init>(StandardServiceRegistryBuilder.java:80)
Caller+3	 at org.hibernate.jpa.boot.internal.EntityManagerFactoryBuilderImpl.<init>(EntityManagerFactoryBuilderImpl.java:208)
Caller+4	 at org.hibernate.jpa.boot.internal.EntityManagerFactoryBuilderImpl.<init>(EntityManagerFactoryBuilderImpl.java:186)
17:59:33 INFO  [o.h.annotations.common.Version] HCANN000001: Hibernate Commons Annotations {4.0.4.Final}
Caller+0	 at org.hibernate.annotations.common.reflection.java.JavaReflectionManager.<clinit>(JavaReflectionManager.java:66)
Caller+1	 at org.hibernate.cfg.Configuration.createReflectionManager(Configuration.java:2547)
Caller+2	 at org.hibernate.cfg.Configuration.createReflectionManager(Configuration.java:2543)
Caller+3	 at org.hibernate.cfg.Configuration.reset(Configuration.java:298)
Caller+4	 at org.hibernate.cfg.Configuration.<init>(Configuration.java:289)
17:59:34 INFO  [org.hibernate.dialect.Dialect ] HHH000400: Using dialect: org.hibernate.dialect.MySQLDialect
Caller+0	 at org.hibernate.dialect.Dialect.<init>(Dialect.java:145)
Caller+1	 at org.hibernate.dialect.MySQLDialect.<init>(MySQLDialect.java:55)
Caller+2	 at sun.reflect.NativeConstructorAccessorImpl.newInstance0(Native Method)
Caller+3	 at sun.reflect.NativeConstructorAccessorImpl.newInstance(NativeConstructorAccessorImpl.java:39)
Caller+4	 at sun.reflect.DelegatingConstructorAccessorImpl.newInstance(DelegatingConstructorAccessorImpl.java:27)
17:59:34 INFO  [o.h.h.i.a.ASTQueryTranslatorFactory] HHH000397: Using ASTQueryTranslatorFactory
Caller+0	 at org.hibernate.hql.internal.ast.ASTQueryTranslatorFactory.<init>(ASTQueryTranslatorFactory.java:47)
Caller+1	 at sun.reflect.NativeConstructorAccessorImpl.newInstance0(Native Method)
Caller+2	 at sun.reflect.NativeConstructorAccessorImpl.newInstance(NativeConstructorAccessorImpl.java:39)
Caller+3	 at sun.reflect.DelegatingConstructorAccessorImpl.newInstance(DelegatingConstructorAccessorImpl.java:27)
Caller+4	 at java.lang.reflect.Constructor.newInstance(Constructor.java:513)
17:59:35 INFO  [o.h.tool.hbm2ddl.SchemaUpdate ] HHH000228: Running hbm2ddl schema update
Caller+0	 at org.hibernate.tool.hbm2ddl.SchemaUpdate.execute(SchemaUpdate.java:182)
Caller+1	 at org.hibernate.tool.hbm2ddl.SchemaUpdate.execute(SchemaUpdate.java:178)
Caller+2	 at org.hibernate.internal.SessionFactoryImpl.<init>(SessionFactoryImpl.java:522)
Caller+3	 at org.hibernate.cfg.Configuration.buildSessionFactory(Configuration.java:1857)
Caller+4	 at org.hibernate.jpa.boot.internal.EntityManagerFactoryBuilderImpl$4.perform(EntityManagerFactoryBuilderImpl.java:850)
17:59:35 INFO  [o.h.tool.hbm2ddl.SchemaUpdate ] HHH000102: Fetching database metadata
Caller+0	 at org.hibernate.tool.hbm2ddl.SchemaUpdate.execute(SchemaUpdate.java:193)
Caller+1	 at org.hibernate.tool.hbm2ddl.SchemaUpdate.execute(SchemaUpdate.java:178)
Caller+2	 at org.hibernate.internal.SessionFactoryImpl.<init>(SessionFactoryImpl.java:522)
Caller+3	 at org.hibernate.cfg.Configuration.buildSessionFactory(Configuration.java:1857)
Caller+4	 at org.hibernate.jpa.boot.internal.EntityManagerFactoryBuilderImpl$4.perform(EntityManagerFactoryBuilderImpl.java:850)
17:59:35 INFO  [o.h.tool.hbm2ddl.SchemaUpdate ] HHH000396: Updating schema
Caller+0	 at org.hibernate.tool.hbm2ddl.SchemaUpdate.execute(SchemaUpdate.java:205)
Caller+1	 at org.hibernate.tool.hbm2ddl.SchemaUpdate.execute(SchemaUpdate.java:178)
Caller+2	 at org.hibernate.internal.SessionFactoryImpl.<init>(SessionFactoryImpl.java:522)
Caller+3	 at org.hibernate.cfg.Configuration.buildSessionFactory(Configuration.java:1857)
Caller+4	 at org.hibernate.jpa.boot.internal.EntityManagerFactoryBuilderImpl$4.perform(EntityManagerFactoryBuilderImpl.java:850)
17:59:35 INFO  [o.h.tool.hbm2ddl.TableMetadata] HHH000261: Table found: craiglist.privatepreownercar
Caller+0	 at org.hibernate.tool.hbm2ddl.TableMetadata.<init>(TableMetadata.java:66)
Caller+1	 at org.hibernate.tool.hbm2ddl.DatabaseMetadata.getTableMetadata(DatabaseMetadata.java:141)
Caller+2	 at org.hibernate.cfg.Configuration.generateSchemaUpdateScriptList(Configuration.java:1202)
Caller+3	 at org.hibernate.tool.hbm2ddl.SchemaUpdate.execute(SchemaUpdate.java:212)
Caller+4	 at org.hibernate.tool.hbm2ddl.SchemaUpdate.execute(SchemaUpdate.java:178)
17:59:35 INFO  [o.h.tool.hbm2ddl.TableMetadata] HHH000037: Columns: [postdate, titlestatus, text, model, mileage, pnr, buystatus, makeyear, searchdate, transmission, url, id, source, color, vin, autofueltype, carcondition, selldate, sellprice, make]
Caller+0	 at org.hibernate.tool.hbm2ddl.TableMetadata.<init>(TableMetadata.java:67)
Caller+1	 at org.hibernate.tool.hbm2ddl.DatabaseMetadata.getTableMetadata(DatabaseMetadata.java:141)
Caller+2	 at org.hibernate.cfg.Configuration.generateSchemaUpdateScriptList(Configuration.java:1202)
Caller+3	 at org.hibernate.tool.hbm2ddl.SchemaUpdate.execute(SchemaUpdate.java:212)
Caller+4	 at org.hibernate.tool.hbm2ddl.SchemaUpdate.execute(SchemaUpdate.java:178)
17:59:35 INFO  [o.h.tool.hbm2ddl.TableMetadata] HHH000108: Foreign keys: []
Caller+0	 at org.hibernate.tool.hbm2ddl.TableMetadata.<init>(TableMetadata.java:69)
Caller+1	 at org.hibernate.tool.hbm2ddl.DatabaseMetadata.getTableMetadata(DatabaseMetadata.java:141)
Caller+2	 at org.hibernate.cfg.Configuration.generateSchemaUpdateScriptList(Configuration.java:1202)
Caller+3	 at org.hibernate.tool.hbm2ddl.SchemaUpdate.execute(SchemaUpdate.java:212)
Caller+4	 at org.hibernate.tool.hbm2ddl.SchemaUpdate.execute(SchemaUpdate.java:178)
17:59:35 INFO  [o.h.tool.hbm2ddl.TableMetadata] HHH000126: Indexes: [primary]
Caller+0	 at org.hibernate.tool.hbm2ddl.TableMetadata.<init>(TableMetadata.java:70)
Caller+1	 at org.hibernate.tool.hbm2ddl.DatabaseMetadata.getTableMetadata(DatabaseMetadata.java:141)
Caller+2	 at org.hibernate.cfg.Configuration.generateSchemaUpdateScriptList(Configuration.java:1202)
Caller+3	 at org.hibernate.tool.hbm2ddl.SchemaUpdate.execute(SchemaUpdate.java:212)
Caller+4	 at org.hibernate.tool.hbm2ddl.SchemaUpdate.execute(SchemaUpdate.java:178)
17:59:35 INFO  [o.h.tool.hbm2ddl.SchemaUpdate ] HHH000232: Schema update complete
Caller+0	 at org.hibernate.tool.hbm2ddl.SchemaUpdate.execute(SchemaUpdate.java:242)
Caller+1	 at org.hibernate.tool.hbm2ddl.SchemaUpdate.execute(SchemaUpdate.java:178)
Caller+2	 at org.hibernate.internal.SessionFactoryImpl.<init>(SessionFactoryImpl.java:522)
Caller+3	 at org.hibernate.cfg.Configuration.buildSessionFactory(Configuration.java:1857)
Caller+4	 at org.hibernate.jpa.boot.internal.EntityManagerFactoryBuilderImpl$4.perform(EntityManagerFactoryBuilderImpl.java:850)
17:59:37 INFO  [o.s.j.d.DriverManagerDataSource] Loaded JDBC driver: com.mysql.jdbc.Driver
Caller+0	 at org.springframework.jdbc.datasource.DriverManagerDataSource.setDriverClassName(DriverManagerDataSource.java:153)
Caller+1	 at com.tcl.car.config.MainConfig.mySqlDataSource(MainConfig.java:52)
Caller+2	 at com.tcl.car.config.MainConfig.rautoJdbcTemplate(MainConfig.java:71)
Caller+3	 at com.tcl.car.config.MainConfig$$EnhancerBySpringCGLIB$$71920508.CGLIB$rautoJdbcTemplate$0(<generated>)
Caller+4	 at com.tcl.car.config.MainConfig$$EnhancerBySpringCGLIB$$71920508$$FastClassBySpringCGLIB$$836edf4a.invoke(<generated>)
18:04:34 INFO  [o.s.c.s.GenericApplicationContext] Refreshing org.springframework.context.support.GenericApplicationContext@281d4b: startup date [Thu Aug 14 18:04:34 EDT 2014]; root of context hierarchy
Caller+0	 at org.springframework.context.support.AbstractApplicationContext.prepareRefresh(AbstractApplicationContext.java:513)
Caller+1	 at org.springframework.context.support.AbstractApplicationContext.refresh(AbstractApplicationContext.java:451)
Caller+2	 at org.springframework.test.context.support.AbstractGenericContextLoader.loadContext(AbstractGenericContextLoader.java:121)
Caller+3	 at org.springframework.test.context.support.AbstractGenericContextLoader.loadContext(AbstractGenericContextLoader.java:60)
Caller+4	 at org.springframework.test.context.CacheAwareContextLoaderDelegate.loadContextInternal(CacheAwareContextLoaderDelegate.java:64)
18:04:34 INFO  [o.s.b.f.a.AutowiredAnnotationBeanPostProcessor] JSR-330 'javax.inject.Inject' annotation found and supported for autowiring
Caller+0	 at org.springframework.beans.factory.annotation.AutowiredAnnotationBeanPostProcessor.<init>(AutowiredAnnotationBeanPostProcessor.java:141)
Caller+1	 at sun.reflect.NativeConstructorAccessorImpl.newInstance0(Native Method)
Caller+2	 at sun.reflect.NativeConstructorAccessorImpl.newInstance(NativeConstructorAccessorImpl.java:39)
Caller+3	 at sun.reflect.DelegatingConstructorAccessorImpl.newInstance(DelegatingConstructorAccessorImpl.java:27)
Caller+4	 at java.lang.reflect.Constructor.newInstance(Constructor.java:513)
18:04:34 INFO  [o.s.c.s.PostProcessorRegistrationDelegate$BeanPostProcessorChecker] Bean 'org.springframework.scheduling.annotation.SchedulingConfiguration' of type [class org.springframework.scheduling.annotation.SchedulingConfiguration$$EnhancerBySpringCGLIB$$6691476f] is not eligible for getting processed by all BeanPostProcessors (for example: not eligible for auto-proxying)
Caller+0	 at org.springframework.context.support.PostProcessorRegistrationDelegate$BeanPostProcessorChecker.postProcessAfterInitialization(PostProcessorRegistrationDelegate.java:309)
Caller+1	 at org.springframework.beans.factory.support.AbstractAutowireCapableBeanFactory.applyBeanPostProcessorsAfterInitialization(AbstractAutowireCapableBeanFactory.java:421)
Caller+2	 at org.springframework.beans.factory.support.AbstractAutowireCapableBeanFactory.initializeBean(AbstractAutowireCapableBeanFactory.java:1558)
Caller+3	 at org.springframework.beans.factory.support.AbstractAutowireCapableBeanFactory.doCreateBean(AbstractAutowireCapableBeanFactory.java:539)
Caller+4	 at org.springframework.beans.factory.support.AbstractAutowireCapableBeanFactory.createBean(AbstractAutowireCapableBeanFactory.java:475)
18:04:34 DEBUG [org.jboss.logging             ] Logging Provider: org.jboss.logging.Slf4jLoggerProvider
Caller+0	 at org.jboss.logging.LoggerProviders.find(LoggerProviders.java:33)
Caller+1	 at org.jboss.logging.LoggerProviders.<clinit>(LoggerProviders.java:28)
Caller+2	 at org.jboss.logging.Logger.getLogger(Logger.java:2163)
Caller+3	 at org.jboss.logging.Logger.getLogger(Logger.java:2188)
Caller+4	 at org.hibernate.jpa.HibernatePersistenceProvider.<clinit>(HibernatePersistenceProvider.java:53)
18:04:35 INFO  [o.s.j.d.DriverManagerDataSource] Loaded JDBC driver: com.mysql.jdbc.Driver
Caller+0	 at org.springframework.jdbc.datasource.DriverManagerDataSource.setDriverClassName(DriverManagerDataSource.java:153)
Caller+1	 at com.tcl.car.config.MainConfig.mySqlDataSource(MainConfig.java:52)
Caller+2	 at com.tcl.car.config.MainConfig.carEntityManagerFactory(MainConfig.java:87)
Caller+3	 at com.tcl.car.config.MainConfig$$EnhancerBySpringCGLIB$$71920508.CGLIB$carEntityManagerFactory$1(<generated>)
Caller+4	 at com.tcl.car.config.MainConfig$$EnhancerBySpringCGLIB$$71920508$$FastClassBySpringCGLIB$$836edf4a.invoke(<generated>)
18:04:35 INFO  [o.s.o.j.LocalContainerEntityManagerFactoryBean] Building JPA container EntityManagerFactory for persistence unit 'default'
Caller+0	 at org.springframework.orm.jpa.LocalContainerEntityManagerFactoryBean.createNativeEntityManagerFactory(LocalContainerEntityManagerFactoryBean.java:287)
Caller+1	 at org.springframework.orm.jpa.AbstractEntityManagerFactoryBean.afterPropertiesSet(AbstractEntityManagerFactoryBean.java:310)
Caller+2	 at com.tcl.car.config.MainConfig.carEntityManagerFactory(MainConfig.java:90)
Caller+3	 at com.tcl.car.config.MainConfig$$EnhancerBySpringCGLIB$$71920508.CGLIB$carEntityManagerFactory$1(<generated>)
Caller+4	 at com.tcl.car.config.MainConfig$$EnhancerBySpringCGLIB$$71920508$$FastClassBySpringCGLIB$$836edf4a.invoke(<generated>)
18:04:35 WARN  [o.h.ejb.HibernatePersistence  ] HHH015016: Encountered a deprecated javax.persistence.spi.PersistenceProvider [org.hibernate.ejb.HibernatePersistence]; use [org.hibernate.jpa.HibernatePersistenceProvider] instead.
Caller+0	 at org.hibernate.ejb.HibernatePersistence.logDeprecation(HibernatePersistence.java:58)
Caller+1	 at org.hibernate.ejb.HibernatePersistence.createContainerEntityManagerFactory(HibernatePersistence.java:66)
Caller+2	 at org.springframework.orm.jpa.LocalContainerEntityManagerFactoryBean.createNativeEntityManagerFactory(LocalContainerEntityManagerFactoryBean.java:290)
Caller+3	 at org.springframework.orm.jpa.AbstractEntityManagerFactoryBean.afterPropertiesSet(AbstractEntityManagerFactoryBean.java:310)
Caller+4	 at com.tcl.car.config.MainConfig.carEntityManagerFactory(MainConfig.java:90)
18:04:35 INFO  [o.h.j.internal.util.LogHelper ] HHH000204: Processing PersistenceUnitInfo [
	name: default
	...]
Caller+0	 at org.hibernate.jpa.internal.util.LogHelper.logPersistenceUnitInformation(LogHelper.java:46)
Caller+1	 at org.hibernate.jpa.boot.internal.EntityManagerFactoryBuilderImpl.<init>(EntityManagerFactoryBuilderImpl.java:194)
Caller+2	 at org.hibernate.jpa.boot.internal.EntityManagerFactoryBuilderImpl.<init>(EntityManagerFactoryBuilderImpl.java:186)
Caller+3	 at org.hibernate.jpa.boot.spi.Bootstrap.getEntityManagerFactoryBuilder(Bootstrap.java:45)
Caller+4	 at org.hibernate.jpa.boot.spi.Bootstrap.getEntityManagerFactoryBuilder(Bootstrap.java:57)
18:04:35 INFO  [org.hibernate.Version         ] HHH000412: Hibernate Core {4.3.4.Final}
Caller+0	 at org.hibernate.Version.logVersion(Version.java:54)
Caller+1	 at org.hibernate.cfg.Environment.<clinit>(Environment.java:207)
Caller+2	 at org.hibernate.boot.registry.StandardServiceRegistryBuilder.<init>(StandardServiceRegistryBuilder.java:80)
Caller+3	 at org.hibernate.jpa.boot.internal.EntityManagerFactoryBuilderImpl.<init>(EntityManagerFactoryBuilderImpl.java:208)
Caller+4	 at org.hibernate.jpa.boot.internal.EntityManagerFactoryBuilderImpl.<init>(EntityManagerFactoryBuilderImpl.java:186)
18:04:35 INFO  [org.hibernate.cfg.Environment ] HHH000206: hibernate.properties not found
Caller+0	 at org.hibernate.cfg.Environment.<clinit>(Environment.java:239)
Caller+1	 at org.hibernate.boot.registry.StandardServiceRegistryBuilder.<init>(StandardServiceRegistryBuilder.java:80)
Caller+2	 at org.hibernate.jpa.boot.internal.EntityManagerFactoryBuilderImpl.<init>(EntityManagerFactoryBuilderImpl.java:208)
Caller+3	 at org.hibernate.jpa.boot.internal.EntityManagerFactoryBuilderImpl.<init>(EntityManagerFactoryBuilderImpl.java:186)
Caller+4	 at org.hibernate.jpa.boot.spi.Bootstrap.getEntityManagerFactoryBuilder(Bootstrap.java:45)
18:04:35 INFO  [org.hibernate.cfg.Environment ] HHH000021: Bytecode provider name : javassist
Caller+0	 at org.hibernate.cfg.Environment.buildBytecodeProvider(Environment.java:346)
Caller+1	 at org.hibernate.cfg.Environment.<clinit>(Environment.java:265)
Caller+2	 at org.hibernate.boot.registry.StandardServiceRegistryBuilder.<init>(StandardServiceRegistryBuilder.java:80)
Caller+3	 at org.hibernate.jpa.boot.internal.EntityManagerFactoryBuilderImpl.<init>(EntityManagerFactoryBuilderImpl.java:208)
Caller+4	 at org.hibernate.jpa.boot.internal.EntityManagerFactoryBuilderImpl.<init>(EntityManagerFactoryBuilderImpl.java:186)
18:04:35 INFO  [o.h.annotations.common.Version] HCANN000001: Hibernate Commons Annotations {4.0.4.Final}
Caller+0	 at org.hibernate.annotations.common.reflection.java.JavaReflectionManager.<clinit>(JavaReflectionManager.java:66)
Caller+1	 at org.hibernate.cfg.Configuration.createReflectionManager(Configuration.java:2547)
Caller+2	 at org.hibernate.cfg.Configuration.createReflectionManager(Configuration.java:2543)
Caller+3	 at org.hibernate.cfg.Configuration.reset(Configuration.java:298)
Caller+4	 at org.hibernate.cfg.Configuration.<init>(Configuration.java:289)
18:04:35 INFO  [org.hibernate.dialect.Dialect ] HHH000400: Using dialect: org.hibernate.dialect.MySQLDialect
Caller+0	 at org.hibernate.dialect.Dialect.<init>(Dialect.java:145)
Caller+1	 at org.hibernate.dialect.MySQLDialect.<init>(MySQLDialect.java:55)
Caller+2	 at sun.reflect.NativeConstructorAccessorImpl.newInstance0(Native Method)
Caller+3	 at sun.reflect.NativeConstructorAccessorImpl.newInstance(NativeConstructorAccessorImpl.java:39)
Caller+4	 at sun.reflect.DelegatingConstructorAccessorImpl.newInstance(DelegatingConstructorAccessorImpl.java:27)
18:04:36 INFO  [o.h.h.i.a.ASTQueryTranslatorFactory] HHH000397: Using ASTQueryTranslatorFactory
Caller+0	 at org.hibernate.hql.internal.ast.ASTQueryTranslatorFactory.<init>(ASTQueryTranslatorFactory.java:47)
Caller+1	 at sun.reflect.NativeConstructorAccessorImpl.newInstance0(Native Method)
Caller+2	 at sun.reflect.NativeConstructorAccessorImpl.newInstance(NativeConstructorAccessorImpl.java:39)
Caller+3	 at sun.reflect.DelegatingConstructorAccessorImpl.newInstance(DelegatingConstructorAccessorImpl.java:27)
Caller+4	 at java.lang.reflect.Constructor.newInstance(Constructor.java:513)
18:04:36 INFO  [o.h.tool.hbm2ddl.SchemaUpdate ] HHH000228: Running hbm2ddl schema update
Caller+0	 at org.hibernate.tool.hbm2ddl.SchemaUpdate.execute(SchemaUpdate.java:182)
Caller+1	 at org.hibernate.tool.hbm2ddl.SchemaUpdate.execute(SchemaUpdate.java:178)
Caller+2	 at org.hibernate.internal.SessionFactoryImpl.<init>(SessionFactoryImpl.java:522)
Caller+3	 at org.hibernate.cfg.Configuration.buildSessionFactory(Configuration.java:1857)
Caller+4	 at org.hibernate.jpa.boot.internal.EntityManagerFactoryBuilderImpl$4.perform(EntityManagerFactoryBuilderImpl.java:850)
18:04:36 INFO  [o.h.tool.hbm2ddl.SchemaUpdate ] HHH000102: Fetching database metadata
Caller+0	 at org.hibernate.tool.hbm2ddl.SchemaUpdate.execute(SchemaUpdate.java:193)
Caller+1	 at org.hibernate.tool.hbm2ddl.SchemaUpdate.execute(SchemaUpdate.java:178)
Caller+2	 at org.hibernate.internal.SessionFactoryImpl.<init>(SessionFactoryImpl.java:522)
Caller+3	 at org.hibernate.cfg.Configuration.buildSessionFactory(Configuration.java:1857)
Caller+4	 at org.hibernate.jpa.boot.internal.EntityManagerFactoryBuilderImpl$4.perform(EntityManagerFactoryBuilderImpl.java:850)
18:04:36 INFO  [o.h.tool.hbm2ddl.SchemaUpdate ] HHH000396: Updating schema
Caller+0	 at org.hibernate.tool.hbm2ddl.SchemaUpdate.execute(SchemaUpdate.java:205)
Caller+1	 at org.hibernate.tool.hbm2ddl.SchemaUpdate.execute(SchemaUpdate.java:178)
Caller+2	 at org.hibernate.internal.SessionFactoryImpl.<init>(SessionFactoryImpl.java:522)
Caller+3	 at org.hibernate.cfg.Configuration.buildSessionFactory(Configuration.java:1857)
Caller+4	 at org.hibernate.jpa.boot.internal.EntityManagerFactoryBuilderImpl$4.perform(EntityManagerFactoryBuilderImpl.java:850)
18:04:36 INFO  [o.h.tool.hbm2ddl.TableMetadata] HHH000261: Table found: craiglist.privatepreownercar
Caller+0	 at org.hibernate.tool.hbm2ddl.TableMetadata.<init>(TableMetadata.java:66)
Caller+1	 at org.hibernate.tool.hbm2ddl.DatabaseMetadata.getTableMetadata(DatabaseMetadata.java:141)
Caller+2	 at org.hibernate.cfg.Configuration.generateSchemaUpdateScriptList(Configuration.java:1202)
Caller+3	 at org.hibernate.tool.hbm2ddl.SchemaUpdate.execute(SchemaUpdate.java:212)
Caller+4	 at org.hibernate.tool.hbm2ddl.SchemaUpdate.execute(SchemaUpdate.java:178)
18:04:36 INFO  [o.h.tool.hbm2ddl.TableMetadata] HHH000037: Columns: [postdate, titlestatus, text, model, mileage, pnr, buystatus, makeyear, searchdate, transmission, url, id, source, color, vin, autofueltype, carcondition, selldate, sellprice, make]
Caller+0	 at org.hibernate.tool.hbm2ddl.TableMetadata.<init>(TableMetadata.java:67)
Caller+1	 at org.hibernate.tool.hbm2ddl.DatabaseMetadata.getTableMetadata(DatabaseMetadata.java:141)
Caller+2	 at org.hibernate.cfg.Configuration.generateSchemaUpdateScriptList(Configuration.java:1202)
Caller+3	 at org.hibernate.tool.hbm2ddl.SchemaUpdate.execute(SchemaUpdate.java:212)
Caller+4	 at org.hibernate.tool.hbm2ddl.SchemaUpdate.execute(SchemaUpdate.java:178)
18:04:36 INFO  [o.h.tool.hbm2ddl.TableMetadata] HHH000108: Foreign keys: []
Caller+0	 at org.hibernate.tool.hbm2ddl.TableMetadata.<init>(TableMetadata.java:69)
Caller+1	 at org.hibernate.tool.hbm2ddl.DatabaseMetadata.getTableMetadata(DatabaseMetadata.java:141)
Caller+2	 at org.hibernate.cfg.Configuration.generateSchemaUpdateScriptList(Configuration.java:1202)
Caller+3	 at org.hibernate.tool.hbm2ddl.SchemaUpdate.execute(SchemaUpdate.java:212)
Caller+4	 at org.hibernate.tool.hbm2ddl.SchemaUpdate.execute(SchemaUpdate.java:178)
18:04:36 INFO  [o.h.tool.hbm2ddl.TableMetadata] HHH000126: Indexes: [primary]
Caller+0	 at org.hibernate.tool.hbm2ddl.TableMetadata.<init>(TableMetadata.java:70)
Caller+1	 at org.hibernate.tool.hbm2ddl.DatabaseMetadata.getTableMetadata(DatabaseMetadata.java:141)
Caller+2	 at org.hibernate.cfg.Configuration.generateSchemaUpdateScriptList(Configuration.java:1202)
Caller+3	 at org.hibernate.tool.hbm2ddl.SchemaUpdate.execute(SchemaUpdate.java:212)
Caller+4	 at org.hibernate.tool.hbm2ddl.SchemaUpdate.execute(SchemaUpdate.java:178)
18:04:36 INFO  [o.h.tool.hbm2ddl.SchemaUpdate ] HHH000232: Schema update complete
Caller+0	 at org.hibernate.tool.hbm2ddl.SchemaUpdate.execute(SchemaUpdate.java:242)
Caller+1	 at org.hibernate.tool.hbm2ddl.SchemaUpdate.execute(SchemaUpdate.java:178)
Caller+2	 at org.hibernate.internal.SessionFactoryImpl.<init>(SessionFactoryImpl.java:522)
Caller+3	 at org.hibernate.cfg.Configuration.buildSessionFactory(Configuration.java:1857)
Caller+4	 at org.hibernate.jpa.boot.internal.EntityManagerFactoryBuilderImpl$4.perform(EntityManagerFactoryBuilderImpl.java:850)
18:04:37 INFO  [o.s.j.d.DriverManagerDataSource] Loaded JDBC driver: com.mysql.jdbc.Driver
Caller+0	 at org.springframework.jdbc.datasource.DriverManagerDataSource.setDriverClassName(DriverManagerDataSource.java:153)
Caller+1	 at com.tcl.car.config.MainConfig.mySqlDataSource(MainConfig.java:52)
Caller+2	 at com.tcl.car.config.MainConfig.rautoJdbcTemplate(MainConfig.java:71)
Caller+3	 at com.tcl.car.config.MainConfig$$EnhancerBySpringCGLIB$$71920508.CGLIB$rautoJdbcTemplate$0(<generated>)
Caller+4	 at com.tcl.car.config.MainConfig$$EnhancerBySpringCGLIB$$71920508$$FastClassBySpringCGLIB$$836edf4a.invoke(<generated>)
18:04:56 INFO  [o.s.c.s.GenericApplicationContext] Closing org.springframework.context.support.GenericApplicationContext@281d4b: startup date [Thu Aug 14 18:04:34 EDT 2014]; root of context hierarchy
Caller+0	 at org.springframework.context.support.AbstractApplicationContext.doClose(AbstractApplicationContext.java:873)
Caller+1	 at org.springframework.context.support.AbstractApplicationContext$1.run(AbstractApplicationContext.java:809)
